2016-06-06 00:01:59,331 INFO  [ForkJoinPool-3-worker-1] - setup problem: [fleetSize=INFINITE][#jobs=210][#vehicles=1][#vehicleTypes=1][transportCost=[name=crowFlyCosts]][activityCosts=jsprit.core.problem.cost.WaitingTimeCosts@53d5d141]
2016-06-06 00:01:59,331 INFO  [ForkJoinPool-3-worker-3] - setup problem: [fleetSize=INFINITE][#jobs=56][#vehicles=1][#vehicleTypes=1][transportCost=[name=crowFlyCosts]][activityCosts=jsprit.core.problem.cost.WaitingTimeCosts@7a9d2d66]
2016-06-06 00:01:59,331 INFO  [ForkJoinPool-3-worker-7] - setup problem: [fleetSize=INFINITE][#jobs=111][#vehicles=1][#vehicleTypes=1][transportCost=[name=crowFlyCosts]][activityCosts=jsprit.core.problem.cost.WaitingTimeCosts@7a9d2d66]
2016-06-06 00:01:59,331 INFO  [ForkJoinPool-3-worker-5] - setup problem: [fleetSize=INFINITE][#jobs=47][#vehicles=1][#vehicleTypes=1][transportCost=[name=crowFlyCosts]][activityCosts=jsprit.core.problem.cost.WaitingTimeCosts@53d5d141]
2016-06-06 00:01:59,925 INFO  [ForkJoinPool-3-worker-3] - algorithm starts: [maxIterations=256]
2016-06-06 00:01:59,929 INFO  [ForkJoinPool-3-worker-3] - create initial solution
2016-06-06 00:01:59,936 INFO  [ForkJoinPool-3-worker-5] - algorithm starts: [maxIterations=256]
2016-06-06 00:01:59,937 INFO  [ForkJoinPool-3-worker-5] - create initial solution
2016-06-06 00:01:59,945 INFO  [ForkJoinPool-3-worker-7] - algorithm starts: [maxIterations=256]
2016-06-06 00:01:59,946 INFO  [ForkJoinPool-3-worker-7] - create initial solution
2016-06-06 00:02:00,001 INFO  [ForkJoinPool-3-worker-1] - algorithm starts: [maxIterations=256]
2016-06-06 00:02:00,001 INFO  [ForkJoinPool-3-worker-1] - create initial solution
2016-06-06 00:02:00,022 INFO  [ForkJoinPool-3-worker-5] - iterations start
2016-06-06 00:02:00,051 INFO  [ForkJoinPool-3-worker-5] - iterations 1
2016-06-06 00:02:00,071 INFO  [ForkJoinPool-3-worker-3] - iterations start
2016-06-06 00:02:00,100 INFO  [ForkJoinPool-3-worker-3] - iterations 1
2016-06-06 00:02:00,155 INFO  [ForkJoinPool-3-worker-5] - iterations 2
2016-06-06 00:02:00,216 INFO  [ForkJoinPool-3-worker-5] - iterations 4
2016-06-06 00:02:00,218 INFO  [ForkJoinPool-3-worker-3] - iterations 2
2016-06-06 00:02:00,281 INFO  [ForkJoinPool-3-worker-7] - iterations start
2016-06-06 00:02:00,303 INFO  [ForkJoinPool-3-worker-3] - iterations 4
2016-06-06 00:02:00,404 INFO  [ForkJoinPool-3-worker-7] - iterations 1
2016-06-06 00:02:00,411 INFO  [ForkJoinPool-3-worker-5] - iterations 8
2016-06-06 00:02:00,442 INFO  [ForkJoinPool-3-worker-1] - iterations start
2016-06-06 00:02:00,471 INFO  [ForkJoinPool-3-worker-3] - iterations 8
2016-06-06 00:02:00,473 INFO  [ForkJoinPool-3-worker-7] - iterations 2
2016-06-06 00:02:00,493 INFO  [ForkJoinPool-3-worker-5] - iterations 16
2016-06-06 00:02:00,519 INFO  [ForkJoinPool-3-worker-1] - iterations 1
2016-06-06 00:02:00,559 INFO  [ForkJoinPool-3-worker-7] - iterations 4
2016-06-06 00:02:00,599 INFO  [ForkJoinPool-3-worker-3] - iterations 16
2016-06-06 00:02:00,601 INFO  [ForkJoinPool-3-worker-1] - iterations 2
2016-06-06 00:02:00,668 INFO  [ForkJoinPool-3-worker-7] - iterations 8
2016-06-06 00:02:00,700 INFO  [ForkJoinPool-3-worker-5] - iterations 32
2016-06-06 00:02:00,729 INFO  [ForkJoinPool-3-worker-1] - iterations 4
2016-06-06 00:02:00,756 INFO  [ForkJoinPool-3-worker-3] - iterations 32
2016-06-06 00:02:00,773 INFO  [ForkJoinPool-3-worker-5] - iterations 64
2016-06-06 00:02:00,779 INFO  [ForkJoinPool-3-worker-7] - iterations 16
2016-06-06 00:02:00,820 INFO  [ForkJoinPool-3-worker-1] - iterations 8
2016-06-06 00:02:00,876 INFO  [ForkJoinPool-3-worker-3] - iterations 64
2016-06-06 00:02:00,916 INFO  [ForkJoinPool-3-worker-7] - iterations 32
2016-06-06 00:02:00,932 INFO  [ForkJoinPool-3-worker-1] - iterations 16
2016-06-06 00:02:00,943 INFO  [ForkJoinPool-3-worker-5] - iterations 128
2016-06-06 00:02:01,054 INFO  [ForkJoinPool-3-worker-3] - iterations 128
2016-06-06 00:02:01,110 INFO  [ForkJoinPool-3-worker-7] - iterations 64
2016-06-06 00:02:01,153 INFO  [ForkJoinPool-3-worker-1] - iterations 32
2016-06-06 00:02:01,167 INFO  [ForkJoinPool-3-worker-5] - iterations end at 256 iterations
2016-06-06 00:02:01,168 INFO  [ForkJoinPool-3-worker-5] - took 1.231 seconds
2016-06-06 00:02:01,170 INFO  [ForkJoinPool-3-worker-5] - setup problem: [fleetSize=INFINITE][#jobs=58][#vehicles=1][#vehicleTypes=1][transportCost=[name=crowFlyCosts]][activityCosts=jsprit.core.problem.cost.WaitingTimeCosts@350fe91a]
2016-06-06 00:02:01,195 INFO  [ForkJoinPool-3-worker-5] - algorithm starts: [maxIterations=256]
2016-06-06 00:02:01,195 INFO  [ForkJoinPool-3-worker-5] - create initial solution
2016-06-06 00:02:01,261 INFO  [ForkJoinPool-3-worker-5] - iterations start
2016-06-06 00:02:01,263 INFO  [ForkJoinPool-3-worker-5] - iterations 1
2016-06-06 00:02:01,265 INFO  [ForkJoinPool-3-worker-5] - iterations 2
2016-06-06 00:02:01,268 INFO  [ForkJoinPool-3-worker-5] - iterations 4
2016-06-06 00:02:01,272 INFO  [ForkJoinPool-3-worker-5] - iterations 8
2016-06-06 00:02:01,283 INFO  [ForkJoinPool-3-worker-5] - iterations 16
2016-06-06 00:02:01,383 INFO  [ForkJoinPool-3-worker-3] - iterations end at 256 iterations
2016-06-06 00:02:01,384 INFO  [ForkJoinPool-3-worker-3] - took 1.458 seconds
2016-06-06 00:02:01,385 INFO  [ForkJoinPool-3-worker-5] - iterations 32
2016-06-06 00:02:01,391 INFO  [ForkJoinPool-3-worker-3] - setup problem: [fleetSize=INFINITE][#jobs=249][#vehicles=1][#vehicleTypes=1][transportCost=[name=crowFlyCosts]][activityCosts=jsprit.core.problem.cost.WaitingTimeCosts@7a9ac09]
2016-06-06 00:02:01,451 INFO  [ForkJoinPool-3-worker-5] - iterations 64
2016-06-06 00:02:01,452 INFO  [ForkJoinPool-3-worker-3] - algorithm starts: [maxIterations=256]
2016-06-06 00:02:01,452 INFO  [ForkJoinPool-3-worker-3] - create initial solution
2016-06-06 00:02:01,466 INFO  [ForkJoinPool-3-worker-3] - iterations start
2016-06-06 00:02:01,486 INFO  [ForkJoinPool-3-worker-3] - iterations 1
2016-06-06 00:02:01,495 INFO  [ForkJoinPool-3-worker-3] - iterations 2
2016-06-06 00:02:01,506 INFO  [ForkJoinPool-3-worker-7] - iterations 128
2016-06-06 00:02:01,552 INFO  [ForkJoinPool-3-worker-3] - iterations 4
2016-06-06 00:02:01,575 INFO  [ForkJoinPool-3-worker-5] - iterations 128
2016-06-06 00:02:01,647 INFO  [ForkJoinPool-3-worker-3] - iterations 8
2016-06-06 00:02:01,663 INFO  [ForkJoinPool-3-worker-1] - iterations 64
2016-06-06 00:02:01,800 INFO  [ForkJoinPool-3-worker-5] - iterations end at 256 iterations
2016-06-06 00:02:01,801 INFO  [ForkJoinPool-3-worker-5] - took 0.606 seconds
2016-06-06 00:02:01,805 INFO  [ForkJoinPool-3-worker-3] - iterations 16
2016-06-06 00:02:01,806 INFO  [ForkJoinPool-3-worker-5] - setup problem: [fleetSize=INFINITE][#jobs=103][#vehicles=1][#vehicleTypes=1][transportCost=[name=crowFlyCosts]][activityCosts=jsprit.core.problem.cost.WaitingTimeCosts@1f19f2f4]
2016-06-06 00:02:01,832 INFO  [ForkJoinPool-3-worker-5] - algorithm starts: [maxIterations=256]
2016-06-06 00:02:01,832 INFO  [ForkJoinPool-3-worker-5] - create initial solution
2016-06-06 00:02:01,838 INFO  [ForkJoinPool-3-worker-5] - iterations start
2016-06-06 00:02:01,841 INFO  [ForkJoinPool-3-worker-5] - iterations 1
2016-06-06 00:02:01,843 INFO  [ForkJoinPool-3-worker-5] - iterations 2
2016-06-06 00:02:01,847 INFO  [ForkJoinPool-3-worker-5] - iterations 4
2016-06-06 00:02:01,891 INFO  [ForkJoinPool-3-worker-5] - iterations 8
2016-06-06 00:02:01,921 INFO  [ForkJoinPool-3-worker-5] - iterations 16
2016-06-06 00:02:01,972 INFO  [ForkJoinPool-3-worker-5] - iterations 32
2016-06-06 00:02:02,024 INFO  [ForkJoinPool-3-worker-3] - iterations 32
2016-06-06 00:02:02,077 INFO  [ForkJoinPool-3-worker-7] - iterations end at 256 iterations
2016-06-06 00:02:02,077 INFO  [ForkJoinPool-3-worker-7] - took 2.131 seconds
2016-06-06 00:02:02,079 INFO  [ForkJoinPool-3-worker-5] - iterations 64
2016-06-06 00:02:02,080 INFO  [ForkJoinPool-3-worker-7] - setup problem: [fleetSize=INFINITE][#jobs=50][#vehicles=1][#vehicleTypes=1][transportCost=[name=crowFlyCosts]][activityCosts=jsprit.core.problem.cost.WaitingTimeCosts@16b1294b]
2016-06-06 00:02:02,097 INFO  [ForkJoinPool-3-worker-7] - algorithm starts: [maxIterations=256]
2016-06-06 00:02:02,098 INFO  [ForkJoinPool-3-worker-7] - create initial solution
2016-06-06 00:02:02,136 INFO  [ForkJoinPool-3-worker-7] - iterations start
2016-06-06 00:02:02,138 INFO  [ForkJoinPool-3-worker-7] - iterations 1
2016-06-06 00:02:02,140 INFO  [ForkJoinPool-3-worker-7] - iterations 2
2016-06-06 00:02:02,153 INFO  [ForkJoinPool-3-worker-7] - iterations 4
2016-06-06 00:02:02,161 INFO  [ForkJoinPool-3-worker-7] - iterations 8
2016-06-06 00:02:02,175 INFO  [ForkJoinPool-3-worker-7] - iterations 16
2016-06-06 00:02:02,225 INFO  [ForkJoinPool-3-worker-7] - iterations 32
2016-06-06 00:02:02,268 INFO  [ForkJoinPool-3-worker-7] - iterations 64
2016-06-06 00:02:02,365 INFO  [ForkJoinPool-3-worker-7] - iterations 128
2016-06-06 00:02:02,376 INFO  [ForkJoinPool-3-worker-5] - iterations 128
2016-06-06 00:02:02,441 INFO  [ForkJoinPool-3-worker-1] - iterations 128
2016-06-06 00:02:02,546 INFO  [ForkJoinPool-3-worker-7] - iterations end at 256 iterations
2016-06-06 00:02:02,547 INFO  [ForkJoinPool-3-worker-7] - took 0.449 seconds
2016-06-06 00:02:02,564 INFO  [ForkJoinPool-3-worker-3] - iterations 64
2016-06-06 00:02:02,781 INFO  [ForkJoinPool-3-worker-5] - iterations end at 256 iterations
2016-06-06 00:02:02,782 INFO  [ForkJoinPool-3-worker-5] - took 0.95 seconds
2016-06-06 00:02:02,785 INFO  [ForkJoinPool-3-worker-7] - setup problem: [fleetSize=INFINITE][#jobs=60][#vehicles=1][#vehicleTypes=1][transportCost=[name=crowFlyCosts]][activityCosts=jsprit.core.problem.cost.WaitingTimeCosts@6829341]
2016-06-06 00:02:02,803 INFO  [ForkJoinPool-3-worker-7] - algorithm starts: [maxIterations=256]
2016-06-06 00:02:02,803 INFO  [ForkJoinPool-3-worker-7] - create initial solution
2016-06-06 00:02:02,805 INFO  [ForkJoinPool-3-worker-7] - iterations start
2016-06-06 00:02:02,806 INFO  [ForkJoinPool-3-worker-7] - iterations 1
2016-06-06 00:02:02,807 INFO  [ForkJoinPool-3-worker-7] - iterations 2
2016-06-06 00:02:02,810 INFO  [ForkJoinPool-3-worker-7] - iterations 4
2016-06-06 00:02:02,815 INFO  [ForkJoinPool-3-worker-7] - iterations 8
2016-06-06 00:02:02,824 INFO  [ForkJoinPool-3-worker-7] - iterations 16
2016-06-06 00:02:02,839 INFO  [ForkJoinPool-3-worker-7] - iterations 32
2016-06-06 00:02:02,886 INFO  [ForkJoinPool-3-worker-7] - iterations 64
2016-06-06 00:02:02,968 INFO  [ForkJoinPool-3-worker-7] - iterations 128
2016-06-06 00:02:03,152 INFO  [ForkJoinPool-3-worker-7] - iterations end at 256 iterations
2016-06-06 00:02:03,152 INFO  [ForkJoinPool-3-worker-7] - took 0.349 seconds
2016-06-06 00:02:03,154 INFO  [ForkJoinPool-3-worker-7] - setup problem: [fleetSize=INFINITE][#jobs=56][#vehicles=1][#vehicleTypes=1][transportCost=[name=crowFlyCosts]][activityCosts=jsprit.core.problem.cost.WaitingTimeCosts@1ad23c25]
2016-06-06 00:02:03,176 INFO  [ForkJoinPool-3-worker-7] - algorithm starts: [maxIterations=256]
2016-06-06 00:02:03,176 INFO  [ForkJoinPool-3-worker-7] - create initial solution
2016-06-06 00:02:03,178 INFO  [ForkJoinPool-3-worker-7] - iterations start
2016-06-06 00:02:03,180 INFO  [ForkJoinPool-3-worker-7] - iterations 1
2016-06-06 00:02:03,201 INFO  [ForkJoinPool-3-worker-7] - iterations 2
2016-06-06 00:02:03,204 INFO  [ForkJoinPool-3-worker-7] - iterations 4
2016-06-06 00:02:03,208 INFO  [ForkJoinPool-3-worker-7] - iterations 8
2016-06-06 00:02:03,216 INFO  [ForkJoinPool-3-worker-7] - iterations 16
2016-06-06 00:02:03,230 INFO  [ForkJoinPool-3-worker-7] - iterations 32
2016-06-06 00:02:03,287 INFO  [ForkJoinPool-3-worker-7] - iterations 64
2016-06-06 00:02:03,374 INFO  [ForkJoinPool-3-worker-7] - iterations 128
2016-06-06 00:02:03,494 INFO  [ForkJoinPool-3-worker-3] - iterations 128
2016-06-06 00:02:03,514 INFO  [ForkJoinPool-3-worker-7] - iterations end at 256 iterations
2016-06-06 00:02:03,515 INFO  [ForkJoinPool-3-worker-7] - took 0.339 seconds
2016-06-06 00:02:03,616 INFO  [ForkJoinPool-3-worker-1] - iterations end at 256 iterations
2016-06-06 00:02:03,616 INFO  [ForkJoinPool-3-worker-1] - took 3.615 seconds
2016-06-06 00:02:06,199 INFO  [ForkJoinPool-3-worker-3] - iterations end at 256 iterations
2016-06-06 00:02:06,201 INFO  [ForkJoinPool-3-worker-3] - took 4.749 seconds
2016-06-06 00:03:12,350 INFO  [ForkJoinPool-3-worker-5] - setup problem: [fleetSize=INFINITE][#jobs=112][#vehicles=1][#vehicleTypes=1][transportCost=[name=crowFlyCosts]][activityCosts=jsprit.core.problem.cost.WaitingTimeCosts@51239669]
2016-06-06 00:03:12,350 INFO  [ForkJoinPool-3-worker-3] - setup problem: [fleetSize=INFINITE][#jobs=89][#vehicles=1][#vehicleTypes=1][transportCost=[name=crowFlyCosts]][activityCosts=jsprit.core.problem.cost.WaitingTimeCosts@51239669]
2016-06-06 00:03:12,350 INFO  [ForkJoinPool-3-worker-7] - setup problem: [fleetSize=INFINITE][#jobs=98][#vehicles=1][#vehicleTypes=1][transportCost=[name=crowFlyCosts]][activityCosts=jsprit.core.problem.cost.WaitingTimeCosts@23ebd9bb]
2016-06-06 00:03:12,350 INFO  [ForkJoinPool-3-worker-1] - setup problem: [fleetSize=INFINITE][#jobs=83][#vehicles=1][#vehicleTypes=1][transportCost=[name=crowFlyCosts]][activityCosts=jsprit.core.problem.cost.WaitingTimeCosts@23ebd9bb]
2016-06-06 00:03:12,953 INFO  [ForkJoinPool-3-worker-5] - algorithm starts: [maxIterations=256]
2016-06-06 00:03:12,953 INFO  [ForkJoinPool-3-worker-3] - algorithm starts: [maxIterations=256]
2016-06-06 00:03:12,953 INFO  [ForkJoinPool-3-worker-7] - algorithm starts: [maxIterations=256]
2016-06-06 00:03:12,954 INFO  [ForkJoinPool-3-worker-1] - algorithm starts: [maxIterations=256]
2016-06-06 00:03:12,957 INFO  [ForkJoinPool-3-worker-7] - create initial solution
2016-06-06 00:03:12,957 INFO  [ForkJoinPool-3-worker-1] - create initial solution
2016-06-06 00:03:12,957 INFO  [ForkJoinPool-3-worker-3] - create initial solution
2016-06-06 00:03:12,957 INFO  [ForkJoinPool-3-worker-5] - create initial solution
2016-06-06 00:03:13,192 INFO  [ForkJoinPool-3-worker-7] - iterations start
2016-06-06 00:03:13,197 INFO  [ForkJoinPool-3-worker-3] - iterations start
2016-06-06 00:03:13,200 INFO  [ForkJoinPool-3-worker-1] - iterations start
2016-06-06 00:03:13,229 INFO  [ForkJoinPool-3-worker-5] - iterations start
2016-06-06 00:03:13,242 INFO  [ForkJoinPool-3-worker-3] - iterations 1
2016-06-06 00:03:13,244 INFO  [ForkJoinPool-3-worker-7] - iterations 1
2016-06-06 00:03:13,271 INFO  [ForkJoinPool-3-worker-1] - iterations 1
2016-06-06 00:03:13,274 INFO  [ForkJoinPool-3-worker-3] - iterations 2
2016-06-06 00:03:13,290 INFO  [ForkJoinPool-3-worker-5] - iterations 1
2016-06-06 00:03:13,315 INFO  [ForkJoinPool-3-worker-7] - iterations 2
2016-06-06 00:03:13,337 INFO  [ForkJoinPool-3-worker-1] - iterations 2
2016-06-06 00:03:13,358 INFO  [ForkJoinPool-3-worker-5] - iterations 2
2016-06-06 00:03:13,366 INFO  [ForkJoinPool-3-worker-3] - iterations 4
2016-06-06 00:03:13,497 INFO  [ForkJoinPool-3-worker-5] - iterations 4
2016-06-06 00:03:13,499 INFO  [ForkJoinPool-3-worker-7] - iterations 4
2016-06-06 00:03:13,504 INFO  [ForkJoinPool-3-worker-1] - iterations 4
2016-06-06 00:03:13,536 INFO  [ForkJoinPool-3-worker-3] - iterations 8
2016-06-06 00:03:13,577 INFO  [ForkJoinPool-3-worker-1] - iterations 8
2016-06-06 00:03:13,593 INFO  [ForkJoinPool-3-worker-7] - iterations 8
2016-06-06 00:03:13,593 INFO  [ForkJoinPool-3-worker-5] - iterations 8
2016-06-06 00:03:13,730 INFO  [ForkJoinPool-3-worker-3] - iterations 16
2016-06-06 00:03:13,748 INFO  [ForkJoinPool-3-worker-7] - iterations 16
2016-06-06 00:03:13,778 INFO  [ForkJoinPool-3-worker-5] - iterations 16
2016-06-06 00:03:13,779 INFO  [ForkJoinPool-3-worker-1] - iterations 16
2016-06-06 00:03:13,844 INFO  [ForkJoinPool-3-worker-3] - iterations 32
2016-06-06 00:03:13,857 INFO  [ForkJoinPool-3-worker-7] - iterations 32
2016-06-06 00:03:13,869 INFO  [ForkJoinPool-3-worker-1] - iterations 32
2016-06-06 00:03:13,895 INFO  [ForkJoinPool-3-worker-5] - iterations 32
2016-06-06 00:03:14,023 INFO  [ForkJoinPool-3-worker-1] - iterations 64
2016-06-06 00:03:14,037 INFO  [ForkJoinPool-3-worker-7] - iterations 64
2016-06-06 00:03:14,054 INFO  [ForkJoinPool-3-worker-3] - iterations 64
2016-06-06 00:03:14,062 INFO  [ForkJoinPool-3-worker-5] - iterations 64
2016-06-06 00:03:14,190 INFO  [ForkJoinPool-3-worker-3] - iterations 128
2016-06-06 00:03:14,207 INFO  [ForkJoinPool-3-worker-7] - iterations 128
2016-06-06 00:03:14,220 INFO  [ForkJoinPool-3-worker-1] - iterations 128
2016-06-06 00:03:14,300 INFO  [ForkJoinPool-3-worker-5] - iterations 128
2016-06-06 00:03:14,561 INFO  [ForkJoinPool-3-worker-3] - iterations end at 256 iterations
2016-06-06 00:03:14,563 INFO  [ForkJoinPool-3-worker-3] - took 1.61 seconds
2016-06-06 00:03:14,566 INFO  [ForkJoinPool-3-worker-3] - setup problem: [fleetSize=INFINITE][#jobs=58][#vehicles=1][#vehicleTypes=1][transportCost=[name=crowFlyCosts]][activityCosts=jsprit.core.problem.cost.WaitingTimeCosts@1d00f207]
2016-06-06 00:03:14,617 INFO  [ForkJoinPool-3-worker-1] - iterations end at 256 iterations
2016-06-06 00:03:14,617 INFO  [ForkJoinPool-3-worker-1] - took 1.663 seconds
2016-06-06 00:03:14,620 INFO  [ForkJoinPool-3-worker-1] - setup problem: [fleetSize=INFINITE][#jobs=83][#vehicles=1][#vehicleTypes=1][transportCost=[name=crowFlyCosts]][activityCosts=jsprit.core.problem.cost.WaitingTimeCosts@2a56b9ba]
2016-06-06 00:03:14,629 INFO  [ForkJoinPool-3-worker-3] - algorithm starts: [maxIterations=256]
2016-06-06 00:03:14,630 INFO  [ForkJoinPool-3-worker-3] - create initial solution
2016-06-06 00:03:14,633 INFO  [ForkJoinPool-3-worker-3] - iterations start
2016-06-06 00:03:14,635 INFO  [ForkJoinPool-3-worker-3] - iterations 1
2016-06-06 00:03:14,637 INFO  [ForkJoinPool-3-worker-3] - iterations 2
2016-06-06 00:03:14,640 INFO  [ForkJoinPool-3-worker-3] - iterations 4
2016-06-06 00:03:14,647 INFO  [ForkJoinPool-3-worker-3] - iterations 8
2016-06-06 00:03:14,674 INFO  [ForkJoinPool-3-worker-7] - iterations end at 256 iterations
2016-06-06 00:03:14,675 INFO  [ForkJoinPool-3-worker-7] - took 1.72 seconds
2016-06-06 00:03:14,688 INFO  [ForkJoinPool-3-worker-7] - setup problem: [fleetSize=INFINITE][#jobs=134][#vehicles=1][#vehicleTypes=1][transportCost=[name=crowFlyCosts]][activityCosts=jsprit.core.problem.cost.WaitingTimeCosts@2bd56d32]
2016-06-06 00:03:14,722 INFO  [ForkJoinPool-3-worker-1] - algorithm starts: [maxIterations=256]
2016-06-06 00:03:14,723 INFO  [ForkJoinPool-3-worker-1] - create initial solution
2016-06-06 00:03:14,728 INFO  [ForkJoinPool-3-worker-1] - iterations start
2016-06-06 00:03:14,730 INFO  [ForkJoinPool-3-worker-1] - iterations 1
2016-06-06 00:03:14,733 INFO  [ForkJoinPool-3-worker-3] - iterations 16
2016-06-06 00:03:14,733 INFO  [ForkJoinPool-3-worker-1] - iterations 2
2016-06-06 00:03:14,736 INFO  [ForkJoinPool-3-worker-1] - iterations 4
2016-06-06 00:03:14,745 INFO  [ForkJoinPool-3-worker-1] - iterations 8
2016-06-06 00:03:14,750 INFO  [ForkJoinPool-3-worker-3] - iterations 32
2016-06-06 00:03:14,779 INFO  [ForkJoinPool-3-worker-7] - algorithm starts: [maxIterations=256]
2016-06-06 00:03:14,780 INFO  [ForkJoinPool-3-worker-7] - create initial solution
2016-06-06 00:03:14,790 INFO  [ForkJoinPool-3-worker-7] - iterations start
2016-06-06 00:03:14,809 INFO  [ForkJoinPool-3-worker-7] - iterations 1
2016-06-06 00:03:14,813 INFO  [ForkJoinPool-3-worker-1] - iterations 16
2016-06-06 00:03:14,815 INFO  [ForkJoinPool-3-worker-7] - iterations 2
2016-06-06 00:03:14,827 INFO  [ForkJoinPool-3-worker-3] - iterations 64
2016-06-06 00:03:14,874 INFO  [ForkJoinPool-3-worker-7] - iterations 4
2016-06-06 00:03:14,892 INFO  [ForkJoinPool-3-worker-1] - iterations 32
2016-06-06 00:03:14,940 INFO  [ForkJoinPool-3-worker-7] - iterations 8
2016-06-06 00:03:14,941 INFO  [ForkJoinPool-3-worker-3] - iterations 128
2016-06-06 00:03:14,976 INFO  [ForkJoinPool-3-worker-5] - iterations end at 256 iterations
2016-06-06 00:03:14,976 INFO  [ForkJoinPool-3-worker-5] - took 2.021 seconds
2016-06-06 00:03:14,981 INFO  [ForkJoinPool-3-worker-5] - setup problem: [fleetSize=INFINITE][#jobs=133][#vehicles=1][#vehicleTypes=1][transportCost=[name=crowFlyCosts]][activityCosts=jsprit.core.problem.cost.WaitingTimeCosts@633bca8e]
2016-06-06 00:03:15,014 INFO  [ForkJoinPool-3-worker-1] - iterations 64
2016-06-06 00:03:15,040 INFO  [ForkJoinPool-3-worker-7] - iterations 16
2016-06-06 00:03:15,041 INFO  [ForkJoinPool-3-worker-5] - algorithm starts: [maxIterations=256]
2016-06-06 00:03:15,042 INFO  [ForkJoinPool-3-worker-5] - create initial solution
2016-06-06 00:03:15,051 INFO  [ForkJoinPool-3-worker-5] - iterations start
2016-06-06 00:03:15,060 INFO  [ForkJoinPool-3-worker-5] - iterations 1
2016-06-06 00:03:15,112 INFO  [ForkJoinPool-3-worker-5] - iterations 2
2016-06-06 00:03:15,124 INFO  [ForkJoinPool-3-worker-5] - iterations 4
2016-06-06 00:03:15,215 INFO  [ForkJoinPool-3-worker-5] - iterations 8
2016-06-06 00:03:15,254 INFO  [ForkJoinPool-3-worker-5] - iterations 16
2016-06-06 00:03:15,325 INFO  [ForkJoinPool-3-worker-3] - iterations end at 256 iterations
2016-06-06 00:03:15,325 INFO  [ForkJoinPool-3-worker-3] - took 0.695 seconds
2016-06-06 00:03:15,330 INFO  [ForkJoinPool-3-worker-1] - iterations 128
2016-06-06 00:03:15,337 INFO  [ForkJoinPool-3-worker-5] - iterations 32
2016-06-06 00:03:15,349 INFO  [ForkJoinPool-3-worker-7] - iterations 32
2016-06-06 00:03:15,498 INFO  [ForkJoinPool-3-worker-5] - iterations 64
2016-06-06 00:03:15,605 INFO  [ForkJoinPool-3-worker-1] - iterations end at 256 iterations
2016-06-06 00:03:15,606 INFO  [ForkJoinPool-3-worker-1] - took 0.883 seconds
2016-06-06 00:03:15,608 INFO  [ForkJoinPool-3-worker-1] - setup problem: [fleetSize=INFINITE][#jobs=54][#vehicles=1][#vehicleTypes=1][transportCost=[name=crowFlyCosts]][activityCosts=jsprit.core.problem.cost.WaitingTimeCosts@799508b5]
2016-06-06 00:03:15,643 INFO  [ForkJoinPool-3-worker-7] - iterations 64
2016-06-06 00:03:15,644 INFO  [ForkJoinPool-3-worker-1] - algorithm starts: [maxIterations=256]
2016-06-06 00:03:15,645 INFO  [ForkJoinPool-3-worker-1] - create initial solution
2016-06-06 00:03:15,647 INFO  [ForkJoinPool-3-worker-1] - iterations start
2016-06-06 00:03:15,648 INFO  [ForkJoinPool-3-worker-1] - iterations 1
2016-06-06 00:03:15,649 INFO  [ForkJoinPool-3-worker-1] - iterations 2
2016-06-06 00:03:15,651 INFO  [ForkJoinPool-3-worker-1] - iterations 4
2016-06-06 00:03:15,655 INFO  [ForkJoinPool-3-worker-1] - iterations 8
2016-06-06 00:03:15,663 INFO  [ForkJoinPool-3-worker-1] - iterations 16
2016-06-06 00:03:15,681 INFO  [ForkJoinPool-3-worker-1] - iterations 32
2016-06-06 00:03:15,722 INFO  [ForkJoinPool-3-worker-1] - iterations 64
2016-06-06 00:03:15,807 INFO  [ForkJoinPool-3-worker-1] - iterations 128
2016-06-06 00:03:15,834 INFO  [ForkJoinPool-3-worker-5] - iterations 128
2016-06-06 00:03:15,986 INFO  [ForkJoinPool-3-worker-1] - iterations end at 256 iterations
2016-06-06 00:03:15,987 INFO  [ForkJoinPool-3-worker-1] - took 0.342 seconds
2016-06-06 00:03:16,177 INFO  [ForkJoinPool-3-worker-7] - iterations 128
2016-06-06 00:03:16,306 INFO  [ForkJoinPool-3-worker-5] - iterations end at 256 iterations
2016-06-06 00:03:16,307 INFO  [ForkJoinPool-3-worker-5] - took 1.265 seconds
2016-06-06 00:03:17,961 INFO  [ForkJoinPool-3-worker-7] - iterations end at 256 iterations
2016-06-06 00:03:17,963 INFO  [ForkJoinPool-3-worker-7] - took 3.183 seconds
2016-06-06 00:03:17,980 INFO  [ForkJoinPool-3-worker-7] - setup problem: [fleetSize=INFINITE][#jobs=156][#vehicles=1][#vehicleTypes=1][transportCost=[name=crowFlyCosts]][activityCosts=jsprit.core.problem.cost.WaitingTimeCosts@4a8960d5]
2016-06-06 00:03:18,058 INFO  [ForkJoinPool-3-worker-7] - algorithm starts: [maxIterations=256]
2016-06-06 00:03:18,059 INFO  [ForkJoinPool-3-worker-7] - create initial solution
2016-06-06 00:03:18,082 INFO  [ForkJoinPool-3-worker-7] - iterations start
2016-06-06 00:03:18,096 INFO  [ForkJoinPool-3-worker-7] - iterations 1
2016-06-06 00:03:18,111 INFO  [ForkJoinPool-3-worker-7] - iterations 2
2016-06-06 00:03:18,138 INFO  [ForkJoinPool-3-worker-7] - iterations 4
2016-06-06 00:03:18,222 INFO  [ForkJoinPool-3-worker-7] - iterations 8
2016-06-06 00:03:18,368 INFO  [ForkJoinPool-3-worker-7] - iterations 16
2016-06-06 00:03:18,634 INFO  [ForkJoinPool-3-worker-7] - iterations 32
2016-06-06 00:03:19,209 INFO  [ForkJoinPool-3-worker-7] - iterations 64
2016-06-06 00:03:19,978 INFO  [ForkJoinPool-3-worker-7] - iterations 128
2016-06-06 00:03:20,473 INFO  [ForkJoinPool-3-worker-7] - iterations end at 256 iterations
2016-06-06 00:03:20,473 INFO  [ForkJoinPool-3-worker-7] - took 2.414 seconds
2016-06-06 00:04:31,013 INFO  [ForkJoinPool-3-worker-5] - setup problem: [fleetSize=INFINITE][#jobs=41][#vehicles=1][#vehicleTypes=1][transportCost=[name=crowFlyCosts]][activityCosts=jsprit.core.problem.cost.WaitingTimeCosts@521bd3a7]
2016-06-06 00:04:31,013 INFO  [ForkJoinPool-3-worker-1] - setup problem: [fleetSize=INFINITE][#jobs=398][#vehicles=1][#vehicleTypes=1][transportCost=[name=crowFlyCosts]][activityCosts=jsprit.core.problem.cost.WaitingTimeCosts@add823e]
2016-06-06 00:04:31,013 INFO  [ForkJoinPool-3-worker-7] - setup problem: [fleetSize=INFINITE][#jobs=77][#vehicles=1][#vehicleTypes=1][transportCost=[name=crowFlyCosts]][activityCosts=jsprit.core.problem.cost.WaitingTimeCosts@529767bd]
2016-06-06 00:04:31,013 INFO  [ForkJoinPool-3-worker-3] - setup problem: [fleetSize=INFINITE][#jobs=73][#vehicles=1][#vehicleTypes=1][transportCost=[name=crowFlyCosts]][activityCosts=jsprit.core.problem.cost.WaitingTimeCosts@529767bd]
2016-06-06 00:04:31,505 INFO  [ForkJoinPool-3-worker-5] - algorithm starts: [maxIterations=256]
2016-06-06 00:04:31,508 INFO  [ForkJoinPool-3-worker-5] - create initial solution
2016-06-06 00:04:31,535 INFO  [ForkJoinPool-3-worker-7] - algorithm starts: [maxIterations=256]
2016-06-06 00:04:31,535 INFO  [ForkJoinPool-3-worker-7] - create initial solution
2016-06-06 00:04:31,547 INFO  [ForkJoinPool-3-worker-3] - algorithm starts: [maxIterations=256]
2016-06-06 00:04:31,548 INFO  [ForkJoinPool-3-worker-3] - create initial solution
2016-06-06 00:04:31,586 INFO  [ForkJoinPool-3-worker-5] - iterations start
2016-06-06 00:04:31,670 INFO  [ForkJoinPool-3-worker-5] - iterations 1
2016-06-06 00:04:31,688 INFO  [ForkJoinPool-3-worker-5] - iterations 2
2016-06-06 00:04:31,764 INFO  [ForkJoinPool-3-worker-3] - iterations start
2016-06-06 00:04:31,834 INFO  [ForkJoinPool-3-worker-1] - algorithm starts: [maxIterations=256]
2016-06-06 00:04:31,835 INFO  [ForkJoinPool-3-worker-1] - create initial solution
2016-06-06 00:04:31,846 INFO  [ForkJoinPool-3-worker-7] - iterations start
2016-06-06 00:04:31,893 INFO  [ForkJoinPool-3-worker-3] - iterations 1
2016-06-06 00:04:31,923 INFO  [ForkJoinPool-3-worker-5] - iterations 4
2016-06-06 00:04:31,946 INFO  [ForkJoinPool-3-worker-7] - iterations 1
2016-06-06 00:04:31,952 INFO  [ForkJoinPool-3-worker-5] - iterations 8
2016-06-06 00:04:31,954 INFO  [ForkJoinPool-3-worker-3] - iterations 2
2016-06-06 00:04:31,967 INFO  [ForkJoinPool-3-worker-7] - iterations 2
2016-06-06 00:04:32,062 INFO  [ForkJoinPool-3-worker-3] - iterations 4
2016-06-06 00:04:32,081 INFO  [ForkJoinPool-3-worker-7] - iterations 4
2016-06-06 00:04:32,104 INFO  [ForkJoinPool-3-worker-5] - iterations 16
2016-06-06 00:04:32,155 INFO  [ForkJoinPool-3-worker-3] - iterations 8
2016-06-06 00:04:32,198 INFO  [ForkJoinPool-3-worker-7] - iterations 8
2016-06-06 00:04:32,259 INFO  [ForkJoinPool-3-worker-1] - iterations start
2016-06-06 00:04:32,263 INFO  [ForkJoinPool-3-worker-5] - iterations 32
2016-06-06 00:04:32,301 INFO  [ForkJoinPool-3-worker-3] - iterations 16
2016-06-06 00:04:32,327 INFO  [ForkJoinPool-3-worker-7] - iterations 16
2016-06-06 00:04:32,393 INFO  [ForkJoinPool-3-worker-5] - iterations 64
2016-06-06 00:04:32,411 INFO  [ForkJoinPool-3-worker-1] - iterations 1
2016-06-06 00:04:32,430 INFO  [ForkJoinPool-3-worker-7] - iterations 32
2016-06-06 00:04:32,449 INFO  [ForkJoinPool-3-worker-1] - iterations 2
2016-06-06 00:04:32,459 INFO  [ForkJoinPool-3-worker-3] - iterations 32
2016-06-06 00:04:32,553 INFO  [ForkJoinPool-3-worker-1] - iterations 4
2016-06-06 00:04:32,563 INFO  [ForkJoinPool-3-worker-5] - iterations 128
2016-06-06 00:04:32,575 INFO  [ForkJoinPool-3-worker-7] - iterations 64
2016-06-06 00:04:32,586 INFO  [ForkJoinPool-3-worker-3] - iterations 64
2016-06-06 00:04:32,762 INFO  [ForkJoinPool-3-worker-1] - iterations 8
2016-06-06 00:04:32,805 INFO  [ForkJoinPool-3-worker-7] - iterations 128
2016-06-06 00:04:32,814 INFO  [ForkJoinPool-3-worker-5] - iterations end at 256 iterations
2016-06-06 00:04:32,815 INFO  [ForkJoinPool-3-worker-5] - took 1.31 seconds
2016-06-06 00:04:32,818 INFO  [ForkJoinPool-3-worker-3] - iterations 128
2016-06-06 00:04:32,818 INFO  [ForkJoinPool-3-worker-5] - setup problem: [fleetSize=INFINITE][#jobs=58][#vehicles=1][#vehicleTypes=1][transportCost=[name=crowFlyCosts]][activityCosts=jsprit.core.problem.cost.WaitingTimeCosts@5486596b]
2016-06-06 00:04:32,847 INFO  [ForkJoinPool-3-worker-5] - algorithm starts: [maxIterations=256]
2016-06-06 00:04:32,847 INFO  [ForkJoinPool-3-worker-5] - create initial solution
2016-06-06 00:04:32,923 INFO  [ForkJoinPool-3-worker-5] - iterations start
2016-06-06 00:04:32,925 INFO  [ForkJoinPool-3-worker-5] - iterations 1
2016-06-06 00:04:32,926 INFO  [ForkJoinPool-3-worker-5] - iterations 2
2016-06-06 00:04:33,000 INFO  [ForkJoinPool-3-worker-5] - iterations 4
2016-06-06 00:04:33,010 INFO  [ForkJoinPool-3-worker-5] - iterations 8
2016-06-06 00:04:33,025 INFO  [ForkJoinPool-3-worker-5] - iterations 16
2016-06-06 00:04:33,069 INFO  [ForkJoinPool-3-worker-5] - iterations 32
2016-06-06 00:04:33,133 INFO  [ForkJoinPool-3-worker-5] - iterations 64
2016-06-06 00:04:33,224 INFO  [ForkJoinPool-3-worker-3] - iterations end at 256 iterations
2016-06-06 00:04:33,224 INFO  [ForkJoinPool-3-worker-3] - took 1.676 seconds
2016-06-06 00:04:33,227 INFO  [ForkJoinPool-3-worker-3] - setup problem: [fleetSize=INFINITE][#jobs=59][#vehicles=1][#vehicleTypes=1][transportCost=[name=crowFlyCosts]][activityCosts=jsprit.core.problem.cost.WaitingTimeCosts@566c8c8c]
2016-06-06 00:04:33,239 INFO  [ForkJoinPool-3-worker-7] - iterations end at 256 iterations
2016-06-06 00:04:33,240 INFO  [ForkJoinPool-3-worker-7] - took 1.705 seconds
2016-06-06 00:04:33,251 INFO  [ForkJoinPool-3-worker-3] - algorithm starts: [maxIterations=256]
2016-06-06 00:04:33,252 INFO  [ForkJoinPool-3-worker-3] - create initial solution
2016-06-06 00:04:33,252 INFO  [ForkJoinPool-3-worker-1] - iterations 16
2016-06-06 00:04:33,253 INFO  [ForkJoinPool-3-worker-5] - iterations 128
2016-06-06 00:04:33,255 INFO  [ForkJoinPool-3-worker-3] - iterations start
2016-06-06 00:04:33,256 INFO  [ForkJoinPool-3-worker-3] - iterations 1
2016-06-06 00:04:33,257 INFO  [ForkJoinPool-3-worker-3] - iterations 2
2016-06-06 00:04:33,260 INFO  [ForkJoinPool-3-worker-3] - iterations 4
2016-06-06 00:04:33,265 INFO  [ForkJoinPool-3-worker-3] - iterations 8
2016-06-06 00:04:33,286 INFO  [ForkJoinPool-3-worker-3] - iterations 16
2016-06-06 00:04:33,312 INFO  [ForkJoinPool-3-worker-3] - iterations 32
2016-06-06 00:04:33,387 INFO  [ForkJoinPool-3-worker-3] - iterations 64
2016-06-06 00:04:33,450 INFO  [ForkJoinPool-3-worker-5] - iterations end at 256 iterations
2016-06-06 00:04:33,463 INFO  [ForkJoinPool-3-worker-3] - iterations 128
2016-06-06 00:04:33,466 INFO  [ForkJoinPool-3-worker-5] - took 0.619 seconds
2016-06-06 00:04:33,473 INFO  [ForkJoinPool-3-worker-7] - setup problem: [fleetSize=INFINITE][#jobs=52][#vehicles=1][#vehicleTypes=1][transportCost=[name=crowFlyCosts]][activityCosts=jsprit.core.problem.cost.WaitingTimeCosts@20d92c29]
2016-06-06 00:04:33,486 INFO  [ForkJoinPool-3-worker-5] - setup problem: [fleetSize=INFINITE][#jobs=112][#vehicles=1][#vehicleTypes=1][transportCost=[name=crowFlyCosts]][activityCosts=jsprit.core.problem.cost.WaitingTimeCosts@3db9c04f]
2016-06-06 00:04:33,490 INFO  [ForkJoinPool-3-worker-7] - algorithm starts: [maxIterations=256]
2016-06-06 00:04:33,491 INFO  [ForkJoinPool-3-worker-7] - create initial solution
2016-06-06 00:04:33,494 INFO  [ForkJoinPool-3-worker-7] - iterations start
2016-06-06 00:04:33,496 INFO  [ForkJoinPool-3-worker-7] - iterations 1
2016-06-06 00:04:33,497 INFO  [ForkJoinPool-3-worker-7] - iterations 2
2016-06-06 00:04:33,500 INFO  [ForkJoinPool-3-worker-7] - iterations 4
2016-06-06 00:04:33,507 INFO  [ForkJoinPool-3-worker-5] - algorithm starts: [maxIterations=256]
2016-06-06 00:04:33,507 INFO  [ForkJoinPool-3-worker-5] - create initial solution
2016-06-06 00:04:33,518 INFO  [ForkJoinPool-3-worker-7] - iterations 8
2016-06-06 00:04:33,520 INFO  [ForkJoinPool-3-worker-5] - iterations start
2016-06-06 00:04:33,531 INFO  [ForkJoinPool-3-worker-7] - iterations 16
2016-06-06 00:04:33,554 INFO  [ForkJoinPool-3-worker-5] - iterations 1
2016-06-06 00:04:33,557 INFO  [ForkJoinPool-3-worker-5] - iterations 2
2016-06-06 00:04:33,565 INFO  [ForkJoinPool-3-worker-5] - iterations 4
2016-06-06 00:04:33,606 INFO  [ForkJoinPool-3-worker-5] - iterations 8
2016-06-06 00:04:33,606 INFO  [ForkJoinPool-3-worker-7] - iterations 32
2016-06-06 00:04:33,625 INFO  [ForkJoinPool-3-worker-5] - iterations 16
2016-06-06 00:04:33,650 INFO  [ForkJoinPool-3-worker-7] - iterations 64
2016-06-06 00:04:33,687 INFO  [ForkJoinPool-3-worker-5] - iterations 32
2016-06-06 00:04:33,746 INFO  [ForkJoinPool-3-worker-3] - iterations end at 256 iterations
2016-06-06 00:04:33,747 INFO  [ForkJoinPool-3-worker-3] - took 0.495 seconds
2016-06-06 00:04:33,783 INFO  [ForkJoinPool-3-worker-7] - iterations 128
2016-06-06 00:04:33,805 INFO  [ForkJoinPool-3-worker-5] - iterations 64
2016-06-06 00:04:33,913 INFO  [ForkJoinPool-3-worker-1] - iterations 32
2016-06-06 00:04:33,984 INFO  [ForkJoinPool-3-worker-7] - iterations end at 256 iterations
2016-06-06 00:04:33,985 INFO  [ForkJoinPool-3-worker-7] - took 0.494 seconds
2016-06-06 00:04:33,987 INFO  [ForkJoinPool-3-worker-7] - setup problem: [fleetSize=INFINITE][#jobs=65][#vehicles=1][#vehicleTypes=1][transportCost=[name=crowFlyCosts]][activityCosts=jsprit.core.problem.cost.WaitingTimeCosts@78a128b3]
2016-06-06 00:04:34,010 INFO  [ForkJoinPool-3-worker-7] - algorithm starts: [maxIterations=256]
2016-06-06 00:04:34,010 INFO  [ForkJoinPool-3-worker-7] - create initial solution
2016-06-06 00:04:34,013 INFO  [ForkJoinPool-3-worker-7] - iterations start
2016-06-06 00:04:34,014 INFO  [ForkJoinPool-3-worker-7] - iterations 1
2016-06-06 00:04:34,016 INFO  [ForkJoinPool-3-worker-7] - iterations 2
2016-06-06 00:04:34,019 INFO  [ForkJoinPool-3-worker-7] - iterations 4
2016-06-06 00:04:34,026 INFO  [ForkJoinPool-3-worker-7] - iterations 8
2016-06-06 00:04:34,044 INFO  [ForkJoinPool-3-worker-7] - iterations 16
2016-06-06 00:04:34,058 INFO  [ForkJoinPool-3-worker-5] - iterations 128
2016-06-06 00:04:34,069 INFO  [ForkJoinPool-3-worker-7] - iterations 32
2016-06-06 00:04:34,349 INFO  [ForkJoinPool-3-worker-7] - iterations 64
2016-06-06 00:04:34,903 INFO  [ForkJoinPool-3-worker-7] - iterations 128
2016-06-06 00:04:35,855 INFO  [ForkJoinPool-3-worker-5] - iterations end at 256 iterations
2016-06-06 00:04:35,857 INFO  [ForkJoinPool-3-worker-5] - took 2.35 seconds
2016-06-06 00:04:35,884 INFO  [ForkJoinPool-3-worker-7] - iterations end at 256 iterations
2016-06-06 00:04:35,885 INFO  [ForkJoinPool-3-worker-7] - took 1.875 seconds
2016-06-06 00:04:35,896 INFO  [ForkJoinPool-3-worker-7] - setup problem: [fleetSize=INFINITE][#jobs=65][#vehicles=1][#vehicleTypes=1][transportCost=[name=crowFlyCosts]][activityCosts=jsprit.core.problem.cost.WaitingTimeCosts@1225ba9e]
2016-06-06 00:04:35,976 INFO  [ForkJoinPool-3-worker-7] - algorithm starts: [maxIterations=256]
2016-06-06 00:04:35,977 INFO  [ForkJoinPool-3-worker-7] - create initial solution
2016-06-06 00:04:35,986 INFO  [ForkJoinPool-3-worker-7] - iterations start
2016-06-06 00:04:35,992 INFO  [ForkJoinPool-3-worker-7] - iterations 1
2016-06-06 00:04:36,000 INFO  [ForkJoinPool-3-worker-7] - iterations 2
2016-06-06 00:04:36,010 INFO  [ForkJoinPool-3-worker-7] - iterations 4
2016-06-06 00:04:36,046 INFO  [ForkJoinPool-3-worker-7] - iterations 8
2016-06-06 00:04:36,218 INFO  [ForkJoinPool-3-worker-7] - iterations 16
2016-06-06 00:04:36,345 INFO  [ForkJoinPool-3-worker-7] - iterations 32
2016-06-06 00:04:36,549 INFO  [ForkJoinPool-3-worker-7] - iterations 64
2016-06-06 00:04:37,006 INFO  [ForkJoinPool-3-worker-7] - iterations 128
2016-06-06 00:04:37,084 INFO  [ForkJoinPool-3-worker-1] - iterations 64
2016-06-06 00:04:37,245 INFO  [ForkJoinPool-3-worker-7] - iterations end at 256 iterations
2016-06-06 00:04:37,246 INFO  [ForkJoinPool-3-worker-7] - took 1.268 seconds
2016-06-06 00:04:38,267 INFO  [ForkJoinPool-3-worker-1] - iterations 128
2016-06-06 00:04:40,935 INFO  [ForkJoinPool-3-worker-1] - iterations end at 256 iterations
2016-06-06 00:04:40,936 INFO  [ForkJoinPool-3-worker-1] - took 9.101 seconds
2016-06-06 00:05:35,613 INFO  [ForkJoinPool-3-worker-3] - setup problem: [fleetSize=INFINITE][#jobs=219][#vehicles=1][#vehicleTypes=1][transportCost=[name=crowFlyCosts]][activityCosts=jsprit.core.problem.cost.WaitingTimeCosts@1fcfa056]
2016-06-06 00:05:35,613 INFO  [ForkJoinPool-3-worker-7] - setup problem: [fleetSize=INFINITE][#jobs=55][#vehicles=1][#vehicleTypes=1][transportCost=[name=crowFlyCosts]][activityCosts=jsprit.core.problem.cost.WaitingTimeCosts@c3f8b42]
2016-06-06 00:05:35,613 INFO  [ForkJoinPool-3-worker-1] - setup problem: [fleetSize=INFINITE][#jobs=77][#vehicles=1][#vehicleTypes=1][transportCost=[name=crowFlyCosts]][activityCosts=jsprit.core.problem.cost.WaitingTimeCosts@1fcfa056]
2016-06-06 00:05:35,613 INFO  [ForkJoinPool-3-worker-5] - setup problem: [fleetSize=INFINITE][#jobs=67][#vehicles=1][#vehicleTypes=1][transportCost=[name=crowFlyCosts]][activityCosts=jsprit.core.problem.cost.WaitingTimeCosts@c3f8b42]
2016-06-06 00:05:36,130 INFO  [ForkJoinPool-3-worker-5] - algorithm starts: [maxIterations=256]
2016-06-06 00:05:36,131 INFO  [ForkJoinPool-3-worker-7] - algorithm starts: [maxIterations=256]
2016-06-06 00:05:36,132 INFO  [ForkJoinPool-3-worker-1] - algorithm starts: [maxIterations=256]
2016-06-06 00:05:36,135 INFO  [ForkJoinPool-3-worker-5] - create initial solution
2016-06-06 00:05:36,138 INFO  [ForkJoinPool-3-worker-7] - create initial solution
2016-06-06 00:05:36,139 INFO  [ForkJoinPool-3-worker-1] - create initial solution
2016-06-06 00:05:36,215 INFO  [ForkJoinPool-3-worker-3] - algorithm starts: [maxIterations=256]
2016-06-06 00:05:36,216 INFO  [ForkJoinPool-3-worker-3] - create initial solution
2016-06-06 00:05:36,240 INFO  [ForkJoinPool-3-worker-7] - iterations start
2016-06-06 00:05:36,337 INFO  [ForkJoinPool-3-worker-1] - iterations start
2016-06-06 00:05:36,357 INFO  [ForkJoinPool-3-worker-7] - iterations 1
2016-06-06 00:05:36,375 INFO  [ForkJoinPool-3-worker-7] - iterations 2
2016-06-06 00:05:36,413 INFO  [ForkJoinPool-3-worker-5] - iterations start
2016-06-06 00:05:36,450 INFO  [ForkJoinPool-3-worker-1] - iterations 1
2016-06-06 00:05:36,469 INFO  [ForkJoinPool-3-worker-1] - iterations 2
2016-06-06 00:05:36,482 INFO  [ForkJoinPool-3-worker-7] - iterations 4
2016-06-06 00:05:36,500 INFO  [ForkJoinPool-3-worker-5] - iterations 1
2016-06-06 00:05:36,537 INFO  [ForkJoinPool-3-worker-1] - iterations 4
2016-06-06 00:05:36,587 INFO  [ForkJoinPool-3-worker-5] - iterations 2
2016-06-06 00:05:36,598 INFO  [ForkJoinPool-3-worker-7] - iterations 8
2016-06-06 00:05:36,630 INFO  [ForkJoinPool-3-worker-3] - iterations start
2016-06-06 00:05:36,672 INFO  [ForkJoinPool-3-worker-1] - iterations 8
2016-06-06 00:05:36,705 INFO  [ForkJoinPool-3-worker-3] - iterations 1
2016-06-06 00:05:36,713 INFO  [ForkJoinPool-3-worker-5] - iterations 4
2016-06-06 00:05:36,721 INFO  [ForkJoinPool-3-worker-7] - iterations 16
2016-06-06 00:05:36,791 INFO  [ForkJoinPool-3-worker-3] - iterations 2
2016-06-06 00:05:36,802 INFO  [ForkJoinPool-3-worker-1] - iterations 16
2016-06-06 00:05:36,807 INFO  [ForkJoinPool-3-worker-5] - iterations 8
2016-06-06 00:05:36,861 INFO  [ForkJoinPool-3-worker-7] - iterations 32
2016-06-06 00:05:36,883 INFO  [ForkJoinPool-3-worker-3] - iterations 4
2016-06-06 00:05:36,896 INFO  [ForkJoinPool-3-worker-5] - iterations 16
2016-06-06 00:05:36,937 INFO  [ForkJoinPool-3-worker-1] - iterations 32
2016-06-06 00:05:36,985 INFO  [ForkJoinPool-3-worker-5] - iterations 32
2016-06-06 00:05:36,994 INFO  [ForkJoinPool-3-worker-3] - iterations 8
2016-06-06 00:05:36,994 INFO  [ForkJoinPool-3-worker-7] - iterations 64
2016-06-06 00:05:37,073 INFO  [ForkJoinPool-3-worker-1] - iterations 64
2016-06-06 00:05:37,152 INFO  [ForkJoinPool-3-worker-7] - iterations 128
2016-06-06 00:05:37,176 INFO  [ForkJoinPool-3-worker-3] - iterations 16
2016-06-06 00:05:37,191 INFO  [ForkJoinPool-3-worker-5] - iterations 64
2016-06-06 00:05:37,289 INFO  [ForkJoinPool-3-worker-1] - iterations 128
2016-06-06 00:05:37,388 INFO  [ForkJoinPool-3-worker-7] - iterations end at 256 iterations
2016-06-06 00:05:37,390 INFO  [ForkJoinPool-3-worker-7] - took 1.252 seconds
2016-06-06 00:05:37,394 INFO  [ForkJoinPool-3-worker-7] - setup problem: [fleetSize=INFINITE][#jobs=137][#vehicles=1][#vehicleTypes=1][transportCost=[name=crowFlyCosts]][activityCosts=jsprit.core.problem.cost.WaitingTimeCosts@7a852e60]
2016-06-06 00:05:37,432 INFO  [ForkJoinPool-3-worker-3] - iterations 32
2016-06-06 00:05:37,465 INFO  [ForkJoinPool-3-worker-7] - algorithm starts: [maxIterations=256]
2016-06-06 00:05:37,465 INFO  [ForkJoinPool-3-worker-7] - create initial solution
2016-06-06 00:05:37,473 INFO  [ForkJoinPool-3-worker-7] - iterations start
2016-06-06 00:05:37,480 INFO  [ForkJoinPool-3-worker-7] - iterations 1
2016-06-06 00:05:37,487 INFO  [ForkJoinPool-3-worker-7] - iterations 2
2016-06-06 00:05:37,496 INFO  [ForkJoinPool-3-worker-7] - iterations 4
2016-06-06 00:05:37,528 INFO  [ForkJoinPool-3-worker-5] - iterations 128
2016-06-06 00:05:37,603 INFO  [ForkJoinPool-3-worker-7] - iterations 8
2016-06-06 00:05:37,646 INFO  [ForkJoinPool-3-worker-7] - iterations 16
2016-06-06 00:05:37,778 INFO  [ForkJoinPool-3-worker-7] - iterations 32
2016-06-06 00:05:37,791 INFO  [ForkJoinPool-3-worker-1] - iterations end at 256 iterations
2016-06-06 00:05:37,791 INFO  [ForkJoinPool-3-worker-1] - took 1.657 seconds
2016-06-06 00:05:37,794 INFO  [ForkJoinPool-3-worker-1] - setup problem: [fleetSize=INFINITE][#jobs=94][#vehicles=1][#vehicleTypes=1][transportCost=[name=crowFlyCosts]][activityCosts=jsprit.core.problem.cost.WaitingTimeCosts@20806ddf]
2016-06-06 00:05:37,813 INFO  [ForkJoinPool-3-worker-1] - algorithm starts: [maxIterations=256]
2016-06-06 00:05:37,813 INFO  [ForkJoinPool-3-worker-1] - create initial solution
2016-06-06 00:05:37,837 INFO  [ForkJoinPool-3-worker-1] - iterations start
2016-06-06 00:05:37,840 INFO  [ForkJoinPool-3-worker-1] - iterations 1
2016-06-06 00:05:37,843 INFO  [ForkJoinPool-3-worker-1] - iterations 2
2016-06-06 00:05:37,848 INFO  [ForkJoinPool-3-worker-1] - iterations 4
2016-06-06 00:05:37,856 INFO  [ForkJoinPool-3-worker-1] - iterations 8
2016-06-06 00:05:37,887 INFO  [ForkJoinPool-3-worker-1] - iterations 16
2016-06-06 00:05:37,932 INFO  [ForkJoinPool-3-worker-1] - iterations 32
2016-06-06 00:05:37,975 INFO  [ForkJoinPool-3-worker-7] - iterations 64
2016-06-06 00:05:38,030 INFO  [ForkJoinPool-3-worker-1] - iterations 64
2016-06-06 00:05:38,033 INFO  [ForkJoinPool-3-worker-3] - iterations 64
2016-06-06 00:05:38,052 INFO  [ForkJoinPool-3-worker-5] - iterations end at 256 iterations
2016-06-06 00:05:38,052 INFO  [ForkJoinPool-3-worker-5] - took 1.92 seconds
2016-06-06 00:05:38,055 INFO  [ForkJoinPool-3-worker-5] - setup problem: [fleetSize=INFINITE][#jobs=56][#vehicles=1][#vehicleTypes=1][transportCost=[name=crowFlyCosts]][activityCosts=jsprit.core.problem.cost.WaitingTimeCosts@5bb0b288]
2016-06-06 00:05:38,074 INFO  [ForkJoinPool-3-worker-5] - algorithm starts: [maxIterations=256]
2016-06-06 00:05:38,074 INFO  [ForkJoinPool-3-worker-5] - create initial solution
2016-06-06 00:05:38,106 INFO  [ForkJoinPool-3-worker-5] - iterations start
2016-06-06 00:05:38,108 INFO  [ForkJoinPool-3-worker-5] - iterations 1
2016-06-06 00:05:38,110 INFO  [ForkJoinPool-3-worker-5] - iterations 2
2016-06-06 00:05:38,114 INFO  [ForkJoinPool-3-worker-5] - iterations 4
2016-06-06 00:05:38,122 INFO  [ForkJoinPool-3-worker-5] - iterations 8
2016-06-06 00:05:38,130 INFO  [ForkJoinPool-3-worker-5] - iterations 16
2016-06-06 00:05:38,155 INFO  [ForkJoinPool-3-worker-5] - iterations 32
2016-06-06 00:05:38,182 INFO  [ForkJoinPool-3-worker-5] - iterations 64
2016-06-06 00:05:38,223 INFO  [ForkJoinPool-3-worker-1] - iterations 128
2016-06-06 00:05:38,290 INFO  [ForkJoinPool-3-worker-5] - iterations 128
2016-06-06 00:05:38,329 INFO  [ForkJoinPool-3-worker-7] - iterations 128
2016-06-06 00:05:38,447 INFO  [ForkJoinPool-3-worker-5] - iterations end at 256 iterations
2016-06-06 00:05:38,448 INFO  [ForkJoinPool-3-worker-5] - took 0.373 seconds
2016-06-06 00:05:38,564 INFO  [ForkJoinPool-3-worker-1] - iterations end at 256 iterations
2016-06-06 00:05:38,564 INFO  [ForkJoinPool-3-worker-1] - took 0.751 seconds
2016-06-06 00:05:38,568 INFO  [ForkJoinPool-3-worker-1] - setup problem: [fleetSize=INFINITE][#jobs=109][#vehicles=1][#vehicleTypes=1][transportCost=[name=crowFlyCosts]][activityCosts=jsprit.core.problem.cost.WaitingTimeCosts@28526e72]
2016-06-06 00:05:38,588 INFO  [ForkJoinPool-3-worker-1] - algorithm starts: [maxIterations=256]
2016-06-06 00:05:38,588 INFO  [ForkJoinPool-3-worker-1] - create initial solution
2016-06-06 00:05:38,652 INFO  [ForkJoinPool-3-worker-1] - iterations start
2016-06-06 00:05:38,657 INFO  [ForkJoinPool-3-worker-1] - iterations 1
2016-06-06 00:05:38,661 INFO  [ForkJoinPool-3-worker-1] - iterations 2
2016-06-06 00:05:38,669 INFO  [ForkJoinPool-3-worker-1] - iterations 4
2016-06-06 00:05:38,714 INFO  [ForkJoinPool-3-worker-1] - iterations 8
2016-06-06 00:05:38,737 INFO  [ForkJoinPool-3-worker-1] - iterations 16
2016-06-06 00:05:38,812 INFO  [ForkJoinPool-3-worker-1] - iterations 32
2016-06-06 00:05:38,945 INFO  [ForkJoinPool-3-worker-3] - iterations 128
2016-06-06 00:05:39,147 INFO  [ForkJoinPool-3-worker-1] - iterations 64
2016-06-06 00:05:39,634 INFO  [ForkJoinPool-3-worker-7] - iterations end at 256 iterations
2016-06-06 00:05:39,636 INFO  [ForkJoinPool-3-worker-7] - took 2.17 seconds
2016-06-06 00:05:39,656 INFO  [ForkJoinPool-3-worker-7] - setup problem: [fleetSize=INFINITE][#jobs=186][#vehicles=1][#vehicleTypes=1][transportCost=[name=crowFlyCosts]][activityCosts=jsprit.core.problem.cost.WaitingTimeCosts@765e4e0e]
2016-06-06 00:05:39,813 INFO  [ForkJoinPool-3-worker-7] - algorithm starts: [maxIterations=256]
2016-06-06 00:05:39,815 INFO  [ForkJoinPool-3-worker-7] - create initial solution
2016-06-06 00:05:39,871 INFO  [ForkJoinPool-3-worker-7] - iterations start
2016-06-06 00:05:39,900 INFO  [ForkJoinPool-3-worker-7] - iterations 1
2016-06-06 00:05:39,960 INFO  [ForkJoinPool-3-worker-7] - iterations 2
2016-06-06 00:05:40,008 INFO  [ForkJoinPool-3-worker-7] - iterations 4
2016-06-06 00:05:40,060 INFO  [ForkJoinPool-3-worker-1] - iterations 128
2016-06-06 00:05:40,146 INFO  [ForkJoinPool-3-worker-7] - iterations 8
2016-06-06 00:05:40,396 INFO  [ForkJoinPool-3-worker-7] - iterations 16
2016-06-06 00:05:40,932 INFO  [ForkJoinPool-3-worker-7] - iterations 32
2016-06-06 00:05:41,419 INFO  [ForkJoinPool-3-worker-1] - iterations end at 256 iterations
2016-06-06 00:05:41,420 INFO  [ForkJoinPool-3-worker-1] - took 2.831 seconds
2016-06-06 00:05:41,470 INFO  [ForkJoinPool-3-worker-7] - iterations 64
2016-06-06 00:05:41,848 INFO  [ForkJoinPool-3-worker-7] - iterations 128
2016-06-06 00:05:41,902 INFO  [ForkJoinPool-3-worker-3] - iterations end at 256 iterations
2016-06-06 00:05:41,902 INFO  [ForkJoinPool-3-worker-3] - took 5.686 seconds
2016-06-06 00:05:42,490 INFO  [ForkJoinPool-3-worker-7] - iterations end at 256 iterations
2016-06-06 00:05:42,490 INFO  [ForkJoinPool-3-worker-7] - took 2.675 seconds
2016-06-06 00:06:20,930 INFO  [ForkJoinPool-1-worker-1] - setup problem: [fleetSize=INFINITE][#jobs=77][#vehicles=1][#vehicleTypes=1][transportCost=[name=crowFlyCosts]][activityCosts=jsprit.core.problem.cost.WaitingTimeCosts@6a320544]
2016-06-06 00:06:20,930 INFO  [ForkJoinPool-1-worker-3] - setup problem: [fleetSize=INFINITE][#jobs=219][#vehicles=1][#vehicleTypes=1][transportCost=[name=crowFlyCosts]][activityCosts=jsprit.core.problem.cost.WaitingTimeCosts@47c0db6a]
2016-06-06 00:06:20,930 INFO  [ForkJoinPool-1-worker-7] - setup problem: [fleetSize=INFINITE][#jobs=55][#vehicles=1][#vehicleTypes=1][transportCost=[name=crowFlyCosts]][activityCosts=jsprit.core.problem.cost.WaitingTimeCosts@366237a0]
2016-06-06 00:06:20,930 INFO  [ForkJoinPool-1-worker-5] - setup problem: [fleetSize=INFINITE][#jobs=67][#vehicles=1][#vehicleTypes=1][transportCost=[name=crowFlyCosts]][activityCosts=jsprit.core.problem.cost.WaitingTimeCosts@79f7e9d3]
2016-06-06 00:06:21,700 INFO  [ForkJoinPool-1-worker-1] - algorithm starts: [maxIterations=33000]
2016-06-06 00:06:21,700 INFO  [ForkJoinPool-1-worker-7] - algorithm starts: [maxIterations=33000]
2016-06-06 00:06:21,704 INFO  [ForkJoinPool-1-worker-7] - create initial solution
2016-06-06 00:06:21,704 INFO  [ForkJoinPool-1-worker-1] - create initial solution
2016-06-06 00:06:21,708 INFO  [ForkJoinPool-1-worker-5] - algorithm starts: [maxIterations=33000]
2016-06-06 00:06:21,708 INFO  [ForkJoinPool-1-worker-5] - create initial solution
2016-06-06 00:06:21,758 INFO  [ForkJoinPool-1-worker-3] - algorithm starts: [maxIterations=33000]
2016-06-06 00:06:21,758 INFO  [ForkJoinPool-1-worker-3] - create initial solution
2016-06-06 00:06:21,903 INFO  [ForkJoinPool-1-worker-7] - iterations start
2016-06-06 00:06:21,985 INFO  [ForkJoinPool-1-worker-1] - iterations start
2016-06-06 00:06:22,023 INFO  [ForkJoinPool-1-worker-7] - iterations 1
2016-06-06 00:06:22,043 INFO  [ForkJoinPool-1-worker-7] - iterations 2
2016-06-06 00:06:22,045 INFO  [ForkJoinPool-1-worker-5] - iterations start
2016-06-06 00:06:22,141 INFO  [ForkJoinPool-1-worker-1] - iterations 1
2016-06-06 00:06:22,162 INFO  [ForkJoinPool-1-worker-5] - iterations 1
2016-06-06 00:06:22,175 INFO  [ForkJoinPool-1-worker-1] - iterations 2
2016-06-06 00:06:22,205 INFO  [ForkJoinPool-1-worker-7] - iterations 4
2016-06-06 00:06:22,329 INFO  [ForkJoinPool-1-worker-7] - iterations 8
2016-06-06 00:06:22,436 INFO  [ForkJoinPool-1-worker-5] - iterations 2
2016-06-06 00:06:22,512 INFO  [ForkJoinPool-1-worker-1] - iterations 4
2016-06-06 00:06:22,545 INFO  [ForkJoinPool-1-worker-3] - iterations start
2016-06-06 00:06:22,693 INFO  [ForkJoinPool-1-worker-5] - iterations 4
2016-06-06 00:06:22,711 INFO  [ForkJoinPool-1-worker-1] - iterations 8
2016-06-06 00:06:22,833 INFO  [ForkJoinPool-1-worker-7] - iterations 16
2016-06-06 00:06:22,874 INFO  [ForkJoinPool-1-worker-3] - iterations 1
2016-06-06 00:06:22,919 INFO  [ForkJoinPool-1-worker-5] - iterations 8
2016-06-06 00:06:22,971 INFO  [ForkJoinPool-1-worker-1] - iterations 16
2016-06-06 00:06:22,972 INFO  [ForkJoinPool-1-worker-7] - iterations 32
2016-06-06 00:06:22,978 INFO  [ForkJoinPool-1-worker-3] - iterations 2
2016-06-06 00:06:23,017 INFO  [ForkJoinPool-1-worker-5] - iterations 16
2016-06-06 00:06:23,059 INFO  [ForkJoinPool-1-worker-3] - iterations 4
2016-06-06 00:06:23,102 INFO  [ForkJoinPool-1-worker-7] - iterations 64
2016-06-06 00:06:23,110 INFO  [ForkJoinPool-1-worker-3] - iterations 8
2016-06-06 00:06:23,110 INFO  [ForkJoinPool-1-worker-5] - iterations 32
2016-06-06 00:06:23,143 INFO  [ForkJoinPool-1-worker-1] - iterations 32
2016-06-06 00:06:23,307 INFO  [ForkJoinPool-1-worker-1] - iterations 64
2016-06-06 00:06:23,308 INFO  [ForkJoinPool-1-worker-3] - iterations 16
2016-06-06 00:06:23,323 INFO  [ForkJoinPool-1-worker-5] - iterations 64
2016-06-06 00:06:23,343 INFO  [ForkJoinPool-1-worker-7] - iterations 128
2016-06-06 00:06:23,512 INFO  [ForkJoinPool-1-worker-1] - iterations 128
2016-06-06 00:06:23,595 INFO  [ForkJoinPool-1-worker-3] - iterations 32
2016-06-06 00:06:23,606 INFO  [ForkJoinPool-1-worker-7] - iterations 256
2016-06-06 00:06:23,627 INFO  [ForkJoinPool-1-worker-5] - iterations 128
2016-06-06 00:06:23,864 INFO  [ForkJoinPool-1-worker-1] - iterations 256
2016-06-06 00:06:24,040 INFO  [ForkJoinPool-1-worker-7] - iterations 512
2016-06-06 00:06:24,113 INFO  [ForkJoinPool-1-worker-3] - iterations 64
2016-06-06 00:06:24,130 INFO  [ForkJoinPool-1-worker-5] - iterations 256
2016-06-06 00:06:24,556 INFO  [ForkJoinPool-1-worker-1] - iterations 512
2016-06-06 00:06:24,818 INFO  [ForkJoinPool-1-worker-7] - iterations 1024
2016-06-06 00:06:25,027 INFO  [ForkJoinPool-1-worker-3] - iterations 128
2016-06-06 00:06:25,101 INFO  [ForkJoinPool-1-worker-5] - iterations 512
2016-06-06 00:06:25,673 INFO  [ForkJoinPool-1-worker-1] - iterations 1024
2016-06-06 00:06:26,090 INFO  [ForkJoinPool-1-worker-7] - iterations 2048
2016-06-06 00:06:26,463 INFO  [ForkJoinPool-1-worker-3] - iterations 256
2016-06-06 00:06:26,749 INFO  [ForkJoinPool-1-worker-5] - iterations 1024
2016-06-06 00:06:29,770 INFO  [ForkJoinPool-1-worker-1] - iterations 2048
2016-06-06 00:06:30,827 INFO  [ForkJoinPool-1-worker-7] - iterations 4096
2016-06-06 00:06:31,806 INFO  [ForkJoinPool-1-worker-3] - iterations 512
2016-06-06 00:06:32,069 INFO  [ForkJoinPool-1-worker-5] - iterations 2048
2016-06-06 00:06:33,949 INFO  [ForkJoinPool-1-worker-1] - iterations 4096
2016-06-06 00:06:35,335 INFO  [ForkJoinPool-1-worker-7] - iterations 8192
2016-06-06 00:06:37,716 INFO  [ForkJoinPool-1-worker-3] - iterations 1024
2016-06-06 00:06:38,057 INFO  [ForkJoinPool-1-worker-5] - iterations 4096
2016-06-06 00:06:43,507 INFO  [ForkJoinPool-1-worker-1] - iterations 8192
2016-06-06 00:06:46,164 INFO  [ForkJoinPool-1-worker-7] - iterations 16384
2016-06-06 00:06:50,842 INFO  [ForkJoinPool-1-worker-3] - iterations 2048
2016-06-06 00:06:51,965 INFO  [ForkJoinPool-1-worker-5] - iterations 8192
2016-06-06 00:07:00,258 INFO  [ForkJoinPool-1-worker-1] - iterations 16384
2016-06-06 00:07:05,539 INFO  [ForkJoinPool-1-worker-7] - iterations 32768
2016-06-06 00:07:05,781 INFO  [ForkJoinPool-1-worker-7] - iterations end at 33000 iterations
2016-06-06 00:07:05,783 INFO  [ForkJoinPool-1-worker-7] - took 44.082 seconds
2016-06-06 00:07:05,802 INFO  [ForkJoinPool-1-worker-7] - setup problem: [fleetSize=INFINITE][#jobs=137][#vehicles=1][#vehicleTypes=1][transportCost=[name=crowFlyCosts]][activityCosts=jsprit.core.problem.cost.WaitingTimeCosts@1f248cf3]
2016-06-06 00:07:05,831 INFO  [ForkJoinPool-1-worker-7] - algorithm starts: [maxIterations=33000]
2016-06-06 00:07:05,888 INFO  [ForkJoinPool-1-worker-7] - create initial solution
2016-06-06 00:07:05,912 INFO  [ForkJoinPool-1-worker-7] - iterations start
2016-06-06 00:07:05,917 INFO  [ForkJoinPool-1-worker-7] - iterations 1
2016-06-06 00:07:05,921 INFO  [ForkJoinPool-1-worker-7] - iterations 2
2016-06-06 00:07:05,927 INFO  [ForkJoinPool-1-worker-7] - iterations 4
2016-06-06 00:07:05,956 INFO  [ForkJoinPool-1-worker-7] - iterations 8
2016-06-06 00:07:06,008 INFO  [ForkJoinPool-1-worker-7] - iterations 16
2016-06-06 00:07:06,080 INFO  [ForkJoinPool-1-worker-7] - iterations 32
2016-06-06 00:07:06,243 INFO  [ForkJoinPool-1-worker-7] - iterations 64
2016-06-06 00:07:06,658 INFO  [ForkJoinPool-1-worker-7] - iterations 128
2016-06-06 00:07:09,031 INFO  [ForkJoinPool-1-worker-7] - iterations 256
2016-06-06 00:07:10,221 INFO  [ForkJoinPool-1-worker-7] - iterations 512
2016-06-06 00:07:12,819 INFO  [ForkJoinPool-1-worker-7] - iterations 1024
2016-06-06 00:07:17,251 INFO  [ForkJoinPool-1-worker-3] - iterations 4096
2016-06-06 00:07:17,922 INFO  [ForkJoinPool-1-worker-7] - iterations 2048
2016-06-06 00:07:20,400 INFO  [ForkJoinPool-1-worker-5] - iterations 16384
2016-06-06 00:07:29,243 INFO  [ForkJoinPool-1-worker-7] - iterations 4096
2016-06-06 00:07:33,903 INFO  [ForkJoinPool-1-worker-1] - iterations 32768
2016-06-06 00:07:34,305 INFO  [ForkJoinPool-1-worker-1] - iterations end at 33000 iterations
2016-06-06 00:07:34,306 INFO  [ForkJoinPool-1-worker-1] - took 72.605 seconds
2016-06-06 00:07:34,316 INFO  [ForkJoinPool-1-worker-1] - setup problem: [fleetSize=INFINITE][#jobs=94][#vehicles=1][#vehicleTypes=1][transportCost=[name=crowFlyCosts]][activityCosts=jsprit.core.problem.cost.WaitingTimeCosts@162d7c53]
2016-06-06 00:07:34,364 INFO  [ForkJoinPool-1-worker-1] - algorithm starts: [maxIterations=33000]
2016-06-06 00:07:34,365 INFO  [ForkJoinPool-1-worker-1] - create initial solution
2016-06-06 00:07:34,370 INFO  [ForkJoinPool-1-worker-1] - iterations start
2016-06-06 00:07:34,373 INFO  [ForkJoinPool-1-worker-1] - iterations 1
2016-06-06 00:07:34,376 INFO  [ForkJoinPool-1-worker-1] - iterations 2
2016-06-06 00:07:34,380 INFO  [ForkJoinPool-1-worker-1] - iterations 4
2016-06-06 00:07:34,388 INFO  [ForkJoinPool-1-worker-1] - iterations 8
2016-06-06 00:07:34,414 INFO  [ForkJoinPool-1-worker-1] - iterations 16
2016-06-06 00:07:34,466 INFO  [ForkJoinPool-1-worker-1] - iterations 32
2016-06-06 00:07:34,566 INFO  [ForkJoinPool-1-worker-1] - iterations 64
2016-06-06 00:07:34,741 INFO  [ForkJoinPool-1-worker-1] - iterations 128
2016-06-06 00:07:35,054 INFO  [ForkJoinPool-1-worker-1] - iterations 256
2016-06-06 00:07:35,705 INFO  [ForkJoinPool-1-worker-1] - iterations 512
2016-06-06 00:07:37,026 INFO  [ForkJoinPool-1-worker-1] - iterations 1024
2016-06-06 00:07:41,404 INFO  [ForkJoinPool-1-worker-1] - iterations 2048
2016-06-06 00:07:46,413 INFO  [ForkJoinPool-1-worker-1] - iterations 4096
2016-06-06 00:07:48,914 INFO  [ForkJoinPool-1-worker-7] - iterations 8192
2016-06-06 00:07:58,390 INFO  [ForkJoinPool-1-worker-1] - iterations 8192
2016-06-06 00:08:07,870 INFO  [ForkJoinPool-1-worker-3] - iterations 8192
2016-06-06 00:08:15,333 INFO  [ForkJoinPool-1-worker-5] - iterations 32768
2016-06-06 00:08:15,911 INFO  [ForkJoinPool-1-worker-5] - iterations end at 33000 iterations
2016-06-06 00:08:15,911 INFO  [ForkJoinPool-1-worker-5] - took 114.203 seconds
2016-06-06 00:08:15,916 INFO  [ForkJoinPool-1-worker-5] - setup problem: [fleetSize=INFINITE][#jobs=56][#vehicles=1][#vehicleTypes=1][transportCost=[name=crowFlyCosts]][activityCosts=jsprit.core.problem.cost.WaitingTimeCosts@12bc2977]
2016-06-06 00:08:15,976 INFO  [ForkJoinPool-1-worker-5] - algorithm starts: [maxIterations=33000]
2016-06-06 00:08:15,976 INFO  [ForkJoinPool-1-worker-5] - create initial solution
2016-06-06 00:08:15,978 INFO  [ForkJoinPool-1-worker-5] - iterations start
2016-06-06 00:08:15,980 INFO  [ForkJoinPool-1-worker-5] - iterations 1
2016-06-06 00:08:15,981 INFO  [ForkJoinPool-1-worker-5] - iterations 2
2016-06-06 00:08:15,982 INFO  [ForkJoinPool-1-worker-5] - iterations 4
2016-06-06 00:08:15,986 INFO  [ForkJoinPool-1-worker-5] - iterations 8
2016-06-06 00:08:15,993 INFO  [ForkJoinPool-1-worker-5] - iterations 16
2016-06-06 00:08:16,016 INFO  [ForkJoinPool-1-worker-5] - iterations 32
2016-06-06 00:08:16,065 INFO  [ForkJoinPool-1-worker-5] - iterations 64
2016-06-06 00:08:16,135 INFO  [ForkJoinPool-1-worker-5] - iterations 128
2016-06-06 00:08:16,361 INFO  [ForkJoinPool-1-worker-5] - iterations 256
2016-06-06 00:08:16,756 INFO  [ForkJoinPool-1-worker-5] - iterations 512
2016-06-06 00:08:17,403 INFO  [ForkJoinPool-1-worker-5] - iterations 1024
2016-06-06 00:08:18,688 INFO  [ForkJoinPool-1-worker-5] - iterations 2048
2016-06-06 00:08:21,272 INFO  [ForkJoinPool-1-worker-5] - iterations 4096
2016-06-06 00:08:23,309 INFO  [ForkJoinPool-1-worker-1] - iterations 16384
2016-06-06 00:08:27,862 INFO  [ForkJoinPool-1-worker-5] - iterations 8192
2016-06-06 00:08:33,109 INFO  [ForkJoinPool-1-worker-7] - iterations 16384
2016-06-06 00:08:37,177 INFO  [ForkJoinPool-1-worker-5] - iterations 16384
2016-06-06 00:08:59,573 INFO  [ForkJoinPool-1-worker-5] - iterations 32768
2016-06-06 00:08:59,815 INFO  [ForkJoinPool-1-worker-5] - iterations end at 33000 iterations
2016-06-06 00:08:59,816 INFO  [ForkJoinPool-1-worker-5] - took 43.84 seconds
2016-06-06 00:09:10,939 INFO  [ForkJoinPool-1-worker-1] - iterations 32768
2016-06-06 00:09:11,418 INFO  [ForkJoinPool-1-worker-1] - iterations end at 33000 iterations
2016-06-06 00:09:11,418 INFO  [ForkJoinPool-1-worker-1] - took 97.053 seconds
2016-06-06 00:09:11,426 INFO  [ForkJoinPool-1-worker-1] - setup problem: [fleetSize=INFINITE][#jobs=109][#vehicles=1][#vehicleTypes=1][transportCost=[name=crowFlyCosts]][activityCosts=jsprit.core.problem.cost.WaitingTimeCosts@5a0f7182]
2016-06-06 00:09:11,456 INFO  [ForkJoinPool-1-worker-1] - algorithm starts: [maxIterations=33000]
2016-06-06 00:09:11,456 INFO  [ForkJoinPool-1-worker-1] - create initial solution
2016-06-06 00:09:11,462 INFO  [ForkJoinPool-1-worker-1] - iterations start
2016-06-06 00:09:11,467 INFO  [ForkJoinPool-1-worker-1] - iterations 1
2016-06-06 00:09:11,469 INFO  [ForkJoinPool-1-worker-1] - iterations 2
2016-06-06 00:09:11,484 INFO  [ForkJoinPool-1-worker-1] - iterations 4
2016-06-06 00:09:11,498 INFO  [ForkJoinPool-1-worker-1] - iterations 8
2016-06-06 00:09:11,563 INFO  [ForkJoinPool-1-worker-1] - iterations 16
2016-06-06 00:09:11,630 INFO  [ForkJoinPool-1-worker-1] - iterations 32
2016-06-06 00:09:11,788 INFO  [ForkJoinPool-1-worker-1] - iterations 64
2016-06-06 00:09:12,038 INFO  [ForkJoinPool-1-worker-1] - iterations 128
2016-06-06 00:09:12,361 INFO  [ForkJoinPool-1-worker-1] - iterations 256
2016-06-06 00:09:13,099 INFO  [ForkJoinPool-1-worker-1] - iterations 512
2016-06-06 00:09:14,507 INFO  [ForkJoinPool-1-worker-1] - iterations 1024
2016-06-06 00:09:17,204 INFO  [ForkJoinPool-1-worker-1] - iterations 2048
2016-06-06 00:09:24,908 INFO  [ForkJoinPool-1-worker-1] - iterations 4096
2016-06-06 00:09:35,478 INFO  [ForkJoinPool-1-worker-1] - iterations 8192
2016-06-06 00:09:44,091 INFO  [ForkJoinPool-1-worker-3] - iterations 16384
2016-06-06 00:09:48,461 INFO  [ForkJoinPool-1-worker-7] - iterations 32768
2016-06-06 00:09:50,283 INFO  [ForkJoinPool-1-worker-7] - iterations end at 33000 iterations
2016-06-06 00:09:50,285 INFO  [ForkJoinPool-1-worker-7] - took 164.396 seconds
2016-06-06 00:09:50,347 INFO  [ForkJoinPool-1-worker-7] - setup problem: [fleetSize=INFINITE][#jobs=186][#vehicles=1][#vehicleTypes=1][transportCost=[name=crowFlyCosts]][activityCosts=jsprit.core.problem.cost.WaitingTimeCosts@3a6d9c52]
2016-06-06 00:09:50,488 INFO  [ForkJoinPool-1-worker-7] - algorithm starts: [maxIterations=33000]
2016-06-06 00:09:50,508 INFO  [ForkJoinPool-1-worker-7] - create initial solution
2016-06-06 00:09:50,536 INFO  [ForkJoinPool-1-worker-7] - iterations start
2016-06-06 00:09:50,572 INFO  [ForkJoinPool-1-worker-7] - iterations 1
2016-06-06 00:09:50,604 INFO  [ForkJoinPool-1-worker-7] - iterations 2
2016-06-06 00:09:50,657 INFO  [ForkJoinPool-1-worker-7] - iterations 4
2016-06-06 00:09:50,820 INFO  [ForkJoinPool-1-worker-7] - iterations 8
2016-06-06 00:09:51,042 INFO  [ForkJoinPool-1-worker-7] - iterations 16
2016-06-06 00:09:51,432 INFO  [ForkJoinPool-1-worker-7] - iterations 32
2016-06-06 00:09:51,699 INFO  [ForkJoinPool-1-worker-7] - iterations 64
2016-06-06 00:09:52,131 INFO  [ForkJoinPool-1-worker-7] - iterations 128
2016-06-06 00:09:52,969 INFO  [ForkJoinPool-1-worker-7] - iterations 256
2016-06-06 00:09:54,622 INFO  [ForkJoinPool-1-worker-7] - iterations 512
2016-06-06 00:09:57,895 INFO  [ForkJoinPool-1-worker-7] - iterations 1024
2016-06-06 00:09:59,141 INFO  [ForkJoinPool-1-worker-1] - iterations 16384
2016-06-06 00:10:04,128 INFO  [ForkJoinPool-1-worker-7] - iterations 2048
2016-06-06 00:10:19,344 INFO  [ForkJoinPool-1-worker-7] - iterations 4096
2016-06-06 00:10:46,523 INFO  [ForkJoinPool-1-worker-1] - iterations 32768
2016-06-06 00:10:47,105 INFO  [ForkJoinPool-1-worker-1] - iterations end at 33000 iterations
2016-06-06 00:10:47,105 INFO  [ForkJoinPool-1-worker-1] - took 95.649 seconds
2016-06-06 00:10:49,095 INFO  [ForkJoinPool-1-worker-7] - iterations 8192
2016-06-06 00:11:40,968 INFO  [ForkJoinPool-1-worker-7] - iterations 16384
2016-06-06 00:12:18,503 INFO  [ForkJoinPool-1-worker-3] - iterations 32768
2016-06-06 00:12:20,281 INFO  [ForkJoinPool-1-worker-3] - iterations end at 33000 iterations
2016-06-06 00:12:20,282 INFO  [ForkJoinPool-1-worker-3] - took 358.524 seconds
2016-06-06 00:13:10,531 INFO  [ForkJoinPool-1-worker-7] - iterations 32768
2016-06-06 00:13:11,481 INFO  [ForkJoinPool-1-worker-7] - iterations end at 33000 iterations
2016-06-06 00:13:11,481 INFO  [ForkJoinPool-1-worker-7] - took 200.973 seconds
2016-06-06 00:19:59,701 INFO  [ForkJoinPool-1-worker-1] - setup problem: [fleetSize=INFINITE][#jobs=77][#vehicles=1][#vehicleTypes=1][transportCost=[name=crowFlyCosts]][activityCosts=jsprit.core.problem.cost.WaitingTimeCosts@622a11f3]
2016-06-06 00:19:59,701 INFO  [ForkJoinPool-1-worker-3] - setup problem: [fleetSize=INFINITE][#jobs=219][#vehicles=1][#vehicleTypes=1][transportCost=[name=crowFlyCosts]][activityCosts=jsprit.core.problem.cost.WaitingTimeCosts@9fa6604]
2016-06-06 00:19:59,701 INFO  [ForkJoinPool-1-worker-5] - setup problem: [fleetSize=INFINITE][#jobs=67][#vehicles=1][#vehicleTypes=1][transportCost=[name=crowFlyCosts]][activityCosts=jsprit.core.problem.cost.WaitingTimeCosts@38009ade]
2016-06-06 00:19:59,701 INFO  [ForkJoinPool-1-worker-7] - setup problem: [fleetSize=INFINITE][#jobs=55][#vehicles=1][#vehicleTypes=1][transportCost=[name=crowFlyCosts]][activityCosts=jsprit.core.problem.cost.WaitingTimeCosts@3904e3f1]
2016-06-06 00:20:00,461 INFO  [ForkJoinPool-1-worker-1] - algorithm starts: [maxIterations=33000]
2016-06-06 00:20:00,466 INFO  [ForkJoinPool-1-worker-1] - create initial solution
2016-06-06 00:20:00,467 INFO  [ForkJoinPool-1-worker-7] - algorithm starts: [maxIterations=33000]
2016-06-06 00:20:00,467 INFO  [ForkJoinPool-1-worker-7] - create initial solution
2016-06-06 00:20:00,504 INFO  [ForkJoinPool-1-worker-5] - algorithm starts: [maxIterations=33000]
2016-06-06 00:20:00,504 INFO  [ForkJoinPool-1-worker-5] - create initial solution
2016-06-06 00:20:00,521 INFO  [ForkJoinPool-1-worker-3] - algorithm starts: [maxIterations=33000]
2016-06-06 00:20:00,521 INFO  [ForkJoinPool-1-worker-3] - create initial solution
2016-06-06 00:20:00,639 INFO  [ForkJoinPool-1-worker-7] - iterations start
2016-06-06 00:20:00,680 INFO  [ForkJoinPool-1-worker-5] - iterations start
2016-06-06 00:20:00,734 INFO  [ForkJoinPool-1-worker-1] - iterations start
2016-06-06 00:20:00,748 INFO  [ForkJoinPool-1-worker-7] - iterations 1
2016-06-06 00:20:00,773 INFO  [ForkJoinPool-1-worker-7] - iterations 2
2016-06-06 00:20:00,794 INFO  [ForkJoinPool-1-worker-1] - iterations 1
2016-06-06 00:20:00,810 INFO  [ForkJoinPool-1-worker-1] - iterations 2
2016-06-06 00:20:00,821 INFO  [ForkJoinPool-1-worker-5] - iterations 1
2016-06-06 00:20:00,849 INFO  [ForkJoinPool-1-worker-7] - iterations 4
2016-06-06 00:20:00,882 INFO  [ForkJoinPool-1-worker-1] - iterations 4
2016-06-06 00:20:00,920 INFO  [ForkJoinPool-1-worker-5] - iterations 2
2016-06-06 00:20:00,963 INFO  [ForkJoinPool-1-worker-7] - iterations 8
2016-06-06 00:20:00,968 INFO  [ForkJoinPool-1-worker-3] - iterations start
2016-06-06 00:20:00,999 INFO  [ForkJoinPool-1-worker-5] - iterations 4
2016-06-06 00:20:01,005 INFO  [ForkJoinPool-1-worker-1] - iterations 8
2016-06-06 00:20:01,076 INFO  [ForkJoinPool-1-worker-3] - iterations 1
2016-06-06 00:20:01,103 INFO  [ForkJoinPool-1-worker-7] - iterations 16
2016-06-06 00:20:01,149 INFO  [ForkJoinPool-1-worker-1] - iterations 16
2016-06-06 00:20:01,151 INFO  [ForkJoinPool-1-worker-3] - iterations 2
2016-06-06 00:20:01,176 INFO  [ForkJoinPool-1-worker-5] - iterations 8
2016-06-06 00:20:01,225 INFO  [ForkJoinPool-1-worker-7] - iterations 32
2016-06-06 00:20:01,240 INFO  [ForkJoinPool-1-worker-3] - iterations 4
2016-06-06 00:20:01,259 INFO  [ForkJoinPool-1-worker-5] - iterations 16
2016-06-06 00:20:01,274 INFO  [ForkJoinPool-1-worker-1] - iterations 32
2016-06-06 00:20:01,346 INFO  [ForkJoinPool-1-worker-7] - iterations 64
2016-06-06 00:20:01,385 INFO  [ForkJoinPool-1-worker-3] - iterations 8
2016-06-06 00:20:01,426 INFO  [ForkJoinPool-1-worker-5] - iterations 32
2016-06-06 00:20:01,432 INFO  [ForkJoinPool-1-worker-1] - iterations 64
2016-06-06 00:20:01,529 INFO  [ForkJoinPool-1-worker-7] - iterations 128
2016-06-06 00:20:01,544 INFO  [ForkJoinPool-1-worker-3] - iterations 16
2016-06-06 00:20:01,588 INFO  [ForkJoinPool-1-worker-5] - iterations 64
2016-06-06 00:20:01,640 INFO  [ForkJoinPool-1-worker-1] - iterations 128
2016-06-06 00:20:01,767 INFO  [ForkJoinPool-1-worker-7] - iterations 256
2016-06-06 00:20:01,791 INFO  [ForkJoinPool-1-worker-3] - iterations 32
2016-06-06 00:20:01,812 INFO  [ForkJoinPool-1-worker-5] - iterations 128
2016-06-06 00:20:01,945 INFO  [ForkJoinPool-1-worker-1] - iterations 256
2016-06-06 00:20:02,133 INFO  [ForkJoinPool-1-worker-7] - iterations 512
2016-06-06 00:20:02,219 INFO  [ForkJoinPool-1-worker-3] - iterations 64
2016-06-06 00:20:02,286 INFO  [ForkJoinPool-1-worker-5] - iterations 256
2016-06-06 00:20:02,522 INFO  [ForkJoinPool-1-worker-1] - iterations 512
2016-06-06 00:20:02,830 INFO  [ForkJoinPool-1-worker-7] - iterations 1024
2016-06-06 00:20:02,935 INFO  [ForkJoinPool-1-worker-3] - iterations 128
2016-06-06 00:20:03,078 INFO  [ForkJoinPool-1-worker-5] - iterations 512
2016-06-06 00:20:03,557 INFO  [ForkJoinPool-1-worker-1] - iterations 1024
2016-06-06 00:20:04,001 INFO  [ForkJoinPool-1-worker-7] - iterations 2048
2016-06-06 00:20:04,414 INFO  [ForkJoinPool-1-worker-3] - iterations 256
2016-06-06 00:20:04,608 INFO  [ForkJoinPool-1-worker-5] - iterations 1024
2016-06-06 00:20:07,920 INFO  [ForkJoinPool-1-worker-1] - iterations 2048
2016-06-06 00:20:08,692 INFO  [ForkJoinPool-1-worker-7] - iterations 4096
2016-06-06 00:20:09,715 INFO  [ForkJoinPool-1-worker-3] - iterations 512
2016-06-06 00:20:10,008 INFO  [ForkJoinPool-1-worker-5] - iterations 2048
2016-06-06 00:20:11,704 INFO  [ForkJoinPool-1-worker-1] - iterations 4096
2016-06-06 00:20:13,075 INFO  [ForkJoinPool-1-worker-7] - iterations 8192
2016-06-06 00:20:17,253 INFO  [ForkJoinPool-1-worker-3] - iterations 1024
2016-06-06 00:20:17,606 INFO  [ForkJoinPool-1-worker-5] - iterations 4096
2016-06-06 00:20:21,179 INFO  [ForkJoinPool-1-worker-1] - iterations 8192
2016-06-06 00:20:25,573 INFO  [ForkJoinPool-1-worker-7] - iterations 16384
2016-06-06 00:20:30,904 INFO  [ForkJoinPool-1-worker-3] - iterations 2048
2016-06-06 00:20:31,649 INFO  [ForkJoinPool-1-worker-5] - iterations 8192
2016-06-06 00:20:40,427 INFO  [ForkJoinPool-1-worker-1] - iterations 16384
2016-06-06 00:20:45,702 INFO  [ForkJoinPool-1-worker-7] - iterations 32768
2016-06-06 00:20:45,969 INFO  [ForkJoinPool-1-worker-7] - iterations end at 33000 iterations
2016-06-06 00:20:45,971 INFO  [ForkJoinPool-1-worker-7] - took 45.504 seconds
2016-06-06 00:20:46,029 INFO  [ForkJoinPool-1-worker-7] - setup problem: [fleetSize=INFINITE][#jobs=137][#vehicles=1][#vehicleTypes=1][transportCost=[name=crowFlyCosts]][activityCosts=jsprit.core.problem.cost.WaitingTimeCosts@208fa832]
2016-06-06 00:20:46,122 INFO  [ForkJoinPool-1-worker-7] - algorithm starts: [maxIterations=33000]
2016-06-06 00:20:46,122 INFO  [ForkJoinPool-1-worker-7] - create initial solution
2016-06-06 00:20:46,131 INFO  [ForkJoinPool-1-worker-7] - iterations start
2016-06-06 00:20:46,136 INFO  [ForkJoinPool-1-worker-7] - iterations 1
2016-06-06 00:20:46,161 INFO  [ForkJoinPool-1-worker-7] - iterations 2
2016-06-06 00:20:46,169 INFO  [ForkJoinPool-1-worker-7] - iterations 4
2016-06-06 00:20:46,186 INFO  [ForkJoinPool-1-worker-7] - iterations 8
2016-06-06 00:20:46,251 INFO  [ForkJoinPool-1-worker-7] - iterations 16
2016-06-06 00:20:46,348 INFO  [ForkJoinPool-1-worker-7] - iterations 32
2016-06-06 00:20:46,506 INFO  [ForkJoinPool-1-worker-7] - iterations 64
2016-06-06 00:20:46,799 INFO  [ForkJoinPool-1-worker-7] - iterations 128
2016-06-06 00:20:47,398 INFO  [ForkJoinPool-1-worker-7] - iterations 256
2016-06-06 00:20:48,578 INFO  [ForkJoinPool-1-worker-7] - iterations 512
2016-06-06 00:20:51,676 INFO  [ForkJoinPool-1-worker-7] - iterations 1024
2016-06-06 00:20:57,003 INFO  [ForkJoinPool-1-worker-3] - iterations 4096
2016-06-06 00:20:57,291 INFO  [ForkJoinPool-1-worker-7] - iterations 2048
2016-06-06 00:20:58,833 INFO  [ForkJoinPool-1-worker-5] - iterations 16384
2016-06-06 00:21:07,551 INFO  [ForkJoinPool-1-worker-7] - iterations 4096
2016-06-06 00:21:15,063 INFO  [ForkJoinPool-1-worker-1] - iterations 32768
2016-06-06 00:21:16,616 INFO  [ForkJoinPool-1-worker-1] - iterations end at 33000 iterations
2016-06-06 00:21:16,617 INFO  [ForkJoinPool-1-worker-1] - took 76.154 seconds
2016-06-06 00:21:16,659 INFO  [ForkJoinPool-1-worker-1] - setup problem: [fleetSize=INFINITE][#jobs=94][#vehicles=1][#vehicleTypes=1][transportCost=[name=crowFlyCosts]][activityCosts=jsprit.core.problem.cost.WaitingTimeCosts@a5ca428]
2016-06-06 00:21:16,702 INFO  [ForkJoinPool-1-worker-1] - algorithm starts: [maxIterations=33000]
2016-06-06 00:21:16,702 INFO  [ForkJoinPool-1-worker-1] - create initial solution
2016-06-06 00:21:16,708 INFO  [ForkJoinPool-1-worker-1] - iterations start
2016-06-06 00:21:16,710 INFO  [ForkJoinPool-1-worker-1] - iterations 1
2016-06-06 00:21:16,712 INFO  [ForkJoinPool-1-worker-1] - iterations 2
2016-06-06 00:21:16,717 INFO  [ForkJoinPool-1-worker-1] - iterations 4
2016-06-06 00:21:16,725 INFO  [ForkJoinPool-1-worker-1] - iterations 8
2016-06-06 00:21:16,750 INFO  [ForkJoinPool-1-worker-1] - iterations 16
2016-06-06 00:21:16,808 INFO  [ForkJoinPool-1-worker-1] - iterations 32
2016-06-06 00:21:16,882 INFO  [ForkJoinPool-1-worker-1] - iterations 64
2016-06-06 00:21:17,046 INFO  [ForkJoinPool-1-worker-1] - iterations 128
2016-06-06 00:21:17,359 INFO  [ForkJoinPool-1-worker-1] - iterations 256
2016-06-06 00:21:17,989 INFO  [ForkJoinPool-1-worker-1] - iterations 512
2016-06-06 00:21:19,255 INFO  [ForkJoinPool-1-worker-1] - iterations 1024
2016-06-06 00:21:21,795 INFO  [ForkJoinPool-1-worker-1] - iterations 2048
2016-06-06 00:21:26,378 INFO  [ForkJoinPool-1-worker-7] - iterations 8192
2016-06-06 00:21:26,927 INFO  [ForkJoinPool-1-worker-1] - iterations 4096
2016-06-06 00:21:39,521 INFO  [ForkJoinPool-1-worker-1] - iterations 8192
2016-06-06 00:21:47,042 INFO  [ForkJoinPool-1-worker-3] - iterations 8192
2016-06-06 00:21:54,695 INFO  [ForkJoinPool-1-worker-5] - iterations 32768
2016-06-06 00:21:55,326 INFO  [ForkJoinPool-1-worker-5] - iterations end at 33000 iterations
2016-06-06 00:21:55,330 INFO  [ForkJoinPool-1-worker-5] - took 114.826 seconds
2016-06-06 00:21:55,372 INFO  [ForkJoinPool-1-worker-5] - setup problem: [fleetSize=INFINITE][#jobs=56][#vehicles=1][#vehicleTypes=1][transportCost=[name=crowFlyCosts]][activityCosts=jsprit.core.problem.cost.WaitingTimeCosts@1eaf5f97]
2016-06-06 00:21:55,396 INFO  [ForkJoinPool-1-worker-5] - algorithm starts: [maxIterations=33000]
2016-06-06 00:21:55,397 INFO  [ForkJoinPool-1-worker-5] - create initial solution
2016-06-06 00:21:55,399 INFO  [ForkJoinPool-1-worker-5] - iterations start
2016-06-06 00:21:55,429 INFO  [ForkJoinPool-1-worker-5] - iterations 1
2016-06-06 00:21:55,430 INFO  [ForkJoinPool-1-worker-5] - iterations 2
2016-06-06 00:21:55,432 INFO  [ForkJoinPool-1-worker-5] - iterations 4
2016-06-06 00:21:55,436 INFO  [ForkJoinPool-1-worker-5] - iterations 8
2016-06-06 00:21:55,443 INFO  [ForkJoinPool-1-worker-5] - iterations 16
2016-06-06 00:21:55,458 INFO  [ForkJoinPool-1-worker-5] - iterations 32
2016-06-06 00:21:55,502 INFO  [ForkJoinPool-1-worker-5] - iterations 64
2016-06-06 00:21:55,590 INFO  [ForkJoinPool-1-worker-5] - iterations 128
2016-06-06 00:21:55,755 INFO  [ForkJoinPool-1-worker-5] - iterations 256
2016-06-06 00:21:56,039 INFO  [ForkJoinPool-1-worker-5] - iterations 512
2016-06-06 00:21:56,586 INFO  [ForkJoinPool-1-worker-5] - iterations 1024
2016-06-06 00:21:57,676 INFO  [ForkJoinPool-1-worker-5] - iterations 2048
2016-06-06 00:21:59,759 INFO  [ForkJoinPool-1-worker-5] - iterations 4096
2016-06-06 00:22:03,951 INFO  [ForkJoinPool-1-worker-5] - iterations 8192
2016-06-06 00:22:04,099 INFO  [ForkJoinPool-1-worker-1] - iterations 16384
2016-06-06 00:22:11,141 INFO  [ForkJoinPool-1-worker-7] - iterations 16384
2016-06-06 00:22:14,209 INFO  [ForkJoinPool-1-worker-5] - iterations 16384
2016-06-06 00:22:32,831 INFO  [ForkJoinPool-1-worker-5] - iterations 32768
2016-06-06 00:22:33,104 INFO  [ForkJoinPool-1-worker-5] - iterations end at 33000 iterations
2016-06-06 00:22:33,104 INFO  [ForkJoinPool-1-worker-5] - took 37.707 seconds
2016-06-06 00:22:48,785 INFO  [ForkJoinPool-1-worker-1] - iterations 32768
2016-06-06 00:22:49,424 INFO  [ForkJoinPool-1-worker-1] - iterations end at 33000 iterations
2016-06-06 00:22:49,426 INFO  [ForkJoinPool-1-worker-1] - took 92.724 seconds
2016-06-06 00:22:49,486 INFO  [ForkJoinPool-1-worker-1] - setup problem: [fleetSize=INFINITE][#jobs=109][#vehicles=1][#vehicleTypes=1][transportCost=[name=crowFlyCosts]][activityCosts=jsprit.core.problem.cost.WaitingTimeCosts@264c6c42]
2016-06-06 00:22:49,620 INFO  [ForkJoinPool-1-worker-1] - algorithm starts: [maxIterations=33000]
2016-06-06 00:22:49,621 INFO  [ForkJoinPool-1-worker-1] - create initial solution
2016-06-06 00:22:49,686 INFO  [ForkJoinPool-1-worker-1] - iterations start
2016-06-06 00:22:49,699 INFO  [ForkJoinPool-1-worker-1] - iterations 1
2016-06-06 00:22:49,727 INFO  [ForkJoinPool-1-worker-1] - iterations 2
2016-06-06 00:22:49,804 INFO  [ForkJoinPool-1-worker-1] - iterations 4
2016-06-06 00:22:49,891 INFO  [ForkJoinPool-1-worker-1] - iterations 8
2016-06-06 00:22:50,079 INFO  [ForkJoinPool-1-worker-1] - iterations 16
2016-06-06 00:22:50,277 INFO  [ForkJoinPool-1-worker-1] - iterations 32
2016-06-06 00:22:50,665 INFO  [ForkJoinPool-1-worker-1] - iterations 64
2016-06-06 00:22:51,365 INFO  [ForkJoinPool-1-worker-1] - iterations 128
2016-06-06 00:22:52,007 INFO  [ForkJoinPool-1-worker-1] - iterations 256
2016-06-06 00:22:52,825 INFO  [ForkJoinPool-1-worker-1] - iterations 512
2016-06-06 00:22:54,461 INFO  [ForkJoinPool-1-worker-1] - iterations 1024
2016-06-06 00:22:57,525 INFO  [ForkJoinPool-1-worker-1] - iterations 2048
2016-06-06 00:23:04,646 INFO  [ForkJoinPool-1-worker-1] - iterations 4096
2016-06-06 00:23:15,054 INFO  [ForkJoinPool-1-worker-1] - iterations 8192
2016-06-06 00:23:20,464 INFO  [ForkJoinPool-1-worker-3] - iterations 16384
2016-06-06 00:23:25,661 INFO  [ForkJoinPool-1-worker-7] - iterations 32768
2016-06-06 00:23:26,514 INFO  [ForkJoinPool-1-worker-7] - iterations end at 33000 iterations
2016-06-06 00:23:26,514 INFO  [ForkJoinPool-1-worker-7] - took 160.392 seconds
2016-06-06 00:23:26,538 INFO  [ForkJoinPool-1-worker-7] - setup problem: [fleetSize=INFINITE][#jobs=186][#vehicles=1][#vehicleTypes=1][transportCost=[name=crowFlyCosts]][activityCosts=jsprit.core.problem.cost.WaitingTimeCosts@3a9437ee]
2016-06-06 00:23:26,581 INFO  [ForkJoinPool-1-worker-7] - algorithm starts: [maxIterations=33000]
2016-06-06 00:23:26,581 INFO  [ForkJoinPool-1-worker-7] - create initial solution
2016-06-06 00:23:26,591 INFO  [ForkJoinPool-1-worker-7] - iterations start
2016-06-06 00:23:26,621 INFO  [ForkJoinPool-1-worker-7] - iterations 1
2016-06-06 00:23:26,647 INFO  [ForkJoinPool-1-worker-7] - iterations 2
2016-06-06 00:23:26,691 INFO  [ForkJoinPool-1-worker-7] - iterations 4
2016-06-06 00:23:26,795 INFO  [ForkJoinPool-1-worker-7] - iterations 8
2016-06-06 00:23:27,031 INFO  [ForkJoinPool-1-worker-7] - iterations 16
2016-06-06 00:23:27,479 INFO  [ForkJoinPool-1-worker-7] - iterations 32
2016-06-06 00:23:28,411 INFO  [ForkJoinPool-1-worker-7] - iterations 64
2016-06-06 00:23:29,690 INFO  [ForkJoinPool-1-worker-7] - iterations 128
2016-06-06 00:23:30,520 INFO  [ForkJoinPool-1-worker-7] - iterations 256
2016-06-06 00:23:32,067 INFO  [ForkJoinPool-1-worker-7] - iterations 512
2016-06-06 00:23:35,315 INFO  [ForkJoinPool-1-worker-7] - iterations 1024
2016-06-06 00:23:40,368 INFO  [ForkJoinPool-1-worker-1] - iterations 16384
2016-06-06 00:23:42,350 INFO  [ForkJoinPool-1-worker-7] - iterations 2048
2016-06-06 00:23:57,559 INFO  [ForkJoinPool-1-worker-7] - iterations 4096
2016-06-06 00:24:28,157 INFO  [ForkJoinPool-1-worker-7] - iterations 8192
2016-06-06 00:24:28,285 INFO  [ForkJoinPool-1-worker-1] - iterations 32768
2016-06-06 00:24:28,870 INFO  [ForkJoinPool-1-worker-1] - iterations end at 33000 iterations
2016-06-06 00:24:28,870 INFO  [ForkJoinPool-1-worker-1] - took 99.249 seconds
2016-06-06 00:25:22,877 INFO  [ForkJoinPool-1-worker-7] - iterations 16384
2016-06-06 00:26:00,516 INFO  [ForkJoinPool-1-worker-3] - iterations 32768
2016-06-06 00:26:02,316 INFO  [ForkJoinPool-1-worker-3] - iterations end at 33000 iterations
2016-06-06 00:26:02,316 INFO  [ForkJoinPool-1-worker-3] - took 361.795 seconds
2016-06-06 00:26:53,060 INFO  [ForkJoinPool-1-worker-7] - iterations 32768
2016-06-06 00:26:54,090 INFO  [ForkJoinPool-1-worker-7] - iterations end at 33000 iterations
2016-06-06 00:26:54,090 INFO  [ForkJoinPool-1-worker-7] - took 207.509 seconds
2016-06-06 00:26:54,282 INFO  [main] - setup problem: [fleetSize=INFINITE][#jobs=1000][#vehicles=1][#vehicleTypes=1][transportCost=[name=crowFlyCosts]][activityCosts=jsprit.core.problem.cost.WaitingTimeCosts@bd5b0a8]
2016-06-06 00:26:55,220 INFO  [main] - algorithm starts: [maxIterations=256]
2016-06-06 00:26:55,221 INFO  [main] - iterations start
2016-06-06 00:26:56,577 INFO  [main] - iterations 1
2016-06-06 00:26:56,975 INFO  [main] - iterations 2
2016-06-06 00:26:57,482 INFO  [main] - iterations 4
2016-06-06 00:26:57,992 INFO  [main] - iterations 8
2016-06-06 00:26:59,164 INFO  [main] - iterations 16
2016-06-06 00:27:00,971 INFO  [main] - iterations 32
2016-06-06 00:27:04,331 INFO  [main] - iterations 64
2016-06-06 00:27:11,538 INFO  [main] - iterations 128
2016-06-06 00:27:32,404 INFO  [main] - iterations end at 256 iterations
2016-06-06 00:27:32,404 INFO  [main] - took 37.183 seconds
